{"/home/travis/build/npmtest/node-npmtest-jasmine-expect/test.js":{"path":"/home/travis/build/npmtest/node-npmtest-jasmine-expect/test.js","s":{"1":2,"2":2,"3":2,"4":2,"5":2,"6":2,"7":2,"8":1,"9":2,"10":2,"11":1,"12":1,"13":1,"14":1,"15":2,"16":2,"17":2,"18":2,"19":1,"20":1,"21":2,"22":2,"23":2,"24":1,"25":1,"26":1,"27":1,"28":1,"29":1,"30":1,"31":1,"32":1,"33":1,"34":1,"35":1,"36":1,"37":1,"38":1,"39":2,"40":2,"41":1,"42":2,"43":2,"44":1,"45":2,"46":2,"47":1,"48":2,"49":2,"50":1,"51":1,"52":1,"53":1,"54":1},"b":{"1":[2,1,1,1],"2":[1,1,1,1],"3":[1,1],"4":[1,1],"5":[1,1],"6":[1,1],"7":[1,1],"8":[1,1],"9":[1,1],"10":[1,1,1],"11":[1,1],"12":[1,1],"13":[1,1],"14":[1,1],"15":[1,1],"16":[1,1],"17":[1,1]},"f":{"1":2,"2":2,"3":2,"4":2,"5":2,"6":1,"7":1,"8":1,"9":2,"10":2,"11":2,"12":2,"13":1},"fnMap":{"1":{"name":"(anonymous_1)","line":12,"loc":{"start":{"line":12,"column":1},"end":{"line":12,"column":13}}},"2":{"name":"(anonymous_2)","line":19,"loc":{"start":{"line":19,"column":5},"end":{"line":19,"column":17}}},"3":{"name":"(anonymous_3)","line":23,"loc":{"start":{"line":23,"column":24},"end":{"line":23,"column":36}}},"4":{"name":"(anonymous_4)","line":61,"loc":{"start":{"line":61,"column":5},"end":{"line":61,"column":17}}},"5":{"name":"(anonymous_5)","line":82,"loc":{"start":{"line":82,"column":5},"end":{"line":82,"column":17}}},"6":{"name":"(anonymous_6)","line":91,"loc":{"start":{"line":91,"column":77},"end":{"line":94,"column":10}}},"7":{"name":"(anonymous_7)","line":112,"loc":{"start":{"line":112,"column":83},"end":{"line":115,"column":10}},"skip":true},"8":{"name":"(anonymous_8)","line":123,"loc":{"start":{"line":123,"column":77},"end":{"line":126,"column":10}},"skip":true},"9":{"name":"(anonymous_9)","line":139,"loc":{"start":{"line":139,"column":12},"end":{"line":139,"column":40}},"skip":true},"10":{"name":"(anonymous_10)","line":147,"loc":{"start":{"line":147,"column":77},"end":{"line":150,"column":10}},"skip":true},"11":{"name":"(anonymous_11)","line":158,"loc":{"start":{"line":158,"column":83},"end":{"line":161,"column":10}},"skip":true},"12":{"name":"(anonymous_12)","line":169,"loc":{"start":{"line":169,"column":79},"end":{"line":172,"column":10}},"skip":true},"13":{"name":"(anonymous_13)","line":180,"loc":{"start":{"line":180,"column":75},"end":{"line":183,"column":10}},"skip":true}},"statementMap":{"1":{"start":{"line":12,"column":0},"end":{"line":195,"column":5}},"2":{"start":{"line":14,"column":4},"end":{"line":14,"column":14}},"3":{"start":{"line":19,"column":4},"end":{"line":56,"column":9}},"4":{"start":{"line":21,"column":8},"end":{"line":21,"column":19}},"5":{"start":{"line":23,"column":8},"end":{"line":35,"column":13}},"6":{"start":{"line":24,"column":12},"end":{"line":34,"column":13}},"7":{"start":{"line":25,"column":16},"end":{"line":28,"column":30}},"8":{"start":{"line":30,"column":16},"end":{"line":33,"column":27}},"9":{"start":{"line":37,"column":8},"end":{"line":39,"column":21}},"10":{"start":{"line":40,"column":8},"end":{"line":53,"column":9}},"11":{"start":{"line":43,"column":12},"end":{"line":46,"column":14}},"12":{"start":{"line":47,"column":12},"end":{"line":47,"column":18}},"13":{"start":{"line":50,"column":12},"end":{"line":51,"column":46}},"14":{"start":{"line":52,"column":12},"end":{"line":52,"column":18}},"15":{"start":{"line":55,"column":8},"end":{"line":55,"column":35}},"16":{"start":{"line":61,"column":4},"end":{"line":63,"column":9}},"17":{"start":{"line":62,"column":8},"end":{"line":62,"column":15}},"18":{"start":{"line":64,"column":4},"end":{"line":77,"column":5}},"19":{"start":{"line":70,"column":8},"end":{"line":70,"column":14}},"20":{"start":{"line":76,"column":8},"end":{"line":76,"column":14}},"21":{"start":{"line":82,"column":4},"end":{"line":84,"column":9}},"22":{"start":{"line":83,"column":8},"end":{"line":83,"column":15}},"23":{"start":{"line":85,"column":4},"end":{"line":194,"column":5}},"24":{"start":{"line":91,"column":8},"end":{"line":99,"column":10}},"25":{"start":{"line":98,"column":12},"end":{"line":98,"column":35}},"26":{"start":{"line":102,"column":8},"end":{"line":104,"column":63}},"27":{"start":{"line":105,"column":8},"end":{"line":105,"column":14}},"28":{"start":{"line":112,"column":8},"end":{"line":121,"column":10},"skip":true},"29":{"start":{"line":119,"column":12},"end":{"line":119,"column":55},"skip":true},"30":{"start":{"line":120,"column":12},"end":{"line":120,"column":48},"skip":true},"31":{"start":{"line":123,"column":8},"end":{"line":136,"column":10},"skip":true},"32":{"start":{"line":130,"column":12},"end":{"line":130,"column":76},"skip":true},"33":{"start":{"line":131,"column":12},"end":{"line":131,"column":73},"skip":true},"34":{"start":{"line":132,"column":12},"end":{"line":132,"column":74},"skip":true},"35":{"start":{"line":133,"column":12},"end":{"line":133,"column":79},"skip":true},"36":{"start":{"line":134,"column":12},"end":{"line":134,"column":25},"skip":true},"37":{"start":{"line":135,"column":12},"end":{"line":135,"column":45},"skip":true},"38":{"start":{"line":138,"column":8},"end":{"line":145,"column":14},"skip":true},"39":{"start":{"line":143,"column":16},"end":{"line":143,"column":29},"skip":true},"40":{"start":{"line":144,"column":16},"end":{"line":144,"column":55},"skip":true},"41":{"start":{"line":147,"column":8},"end":{"line":156,"column":10},"skip":true},"42":{"start":{"line":154,"column":12},"end":{"line":154,"column":25},"skip":true},"43":{"start":{"line":155,"column":12},"end":{"line":155,"column":45},"skip":true},"44":{"start":{"line":158,"column":8},"end":{"line":167,"column":10},"skip":true},"45":{"start":{"line":165,"column":12},"end":{"line":165,"column":25},"skip":true},"46":{"start":{"line":166,"column":12},"end":{"line":166,"column":48},"skip":true},"47":{"start":{"line":169,"column":8},"end":{"line":178,"column":10},"skip":true},"48":{"start":{"line":176,"column":12},"end":{"line":176,"column":25},"skip":true},"49":{"start":{"line":177,"column":12},"end":{"line":177,"column":46},"skip":true},"50":{"start":{"line":180,"column":8},"end":{"line":189,"column":10},"skip":true},"51":{"start":{"line":187,"column":12},"end":{"line":187,"column":94},"skip":true},"52":{"start":{"line":188,"column":12},"end":{"line":188,"column":48},"skip":true},"53":{"start":{"line":192,"column":8},"end":{"line":192,"column":35},"skip":true},"54":{"start":{"line":193,"column":8},"end":{"line":193,"column":14},"skip":true}},"branchMap":{"1":{"line":25,"type":"binary-expr","locations":[{"start":{"line":25,"column":23},"end":{"line":25,"column":62}},{"start":{"line":26,"column":20},"end":{"line":26,"column":70}},{"start":{"line":27,"column":20},"end":{"line":27,"column":71}},{"start":{"line":28,"column":20},"end":{"line":28,"column":29}}]},"2":{"line":30,"type":"binary-expr","locations":[{"start":{"line":30,"column":23},"end":{"line":30,"column":37}},{"start":{"line":31,"column":20},"end":{"line":31,"column":61}},{"start":{"line":32,"column":20},"end":{"line":32,"column":70}},{"start":{"line":33,"column":20},"end":{"line":33,"column":26}}]},"3":{"line":37,"type":"cond-expr","locations":[{"start":{"line":38,"column":14},"end":{"line":38,"column":20}},{"start":{"line":39,"column":14},"end":{"line":39,"column":20}}]},"4":{"line":40,"type":"switch","locations":[{"start":{"line":42,"column":8},"end":{"line":47,"column":18}},{"start":{"line":49,"column":8},"end":{"line":52,"column":18}}]},"5":{"line":44,"type":"binary-expr","locations":[{"start":{"line":44,"column":16},"end":{"line":44,"column":44}},{"start":{"line":44,"column":48},"end":{"line":44,"column":66}}]},"6":{"line":50,"type":"binary-expr","locations":[{"start":{"line":50,"column":21},"end":{"line":50,"column":49}},{"start":{"line":50,"column":53},"end":{"line":50,"column":72}}]},"7":{"line":64,"type":"switch","locations":[{"start":{"line":69,"column":4},"end":{"line":70,"column":14}},{"start":{"line":75,"column":4},"end":{"line":76,"column":14}}]},"8":{"line":85,"type":"switch","locations":[{"start":{"line":90,"column":4},"end":{"line":105,"column":14}},{"start":{"line":111,"column":4},"end":{"line":193,"column":14},"skip":true}]},"9":{"line":91,"type":"binary-expr","locations":[{"start":{"line":91,"column":42},"end":{"line":91,"column":73}},{"start":{"line":91,"column":77},"end":{"line":99,"column":9}}]},"10":{"line":102,"type":"binary-expr","locations":[{"start":{"line":102,"column":18},"end":{"line":102,"column":32}},{"start":{"line":103,"column":12},"end":{"line":103,"column":53}},{"start":{"line":104,"column":12},"end":{"line":104,"column":61}}]},"11":{"line":112,"type":"binary-expr","locations":[{"start":{"line":112,"column":45},"end":{"line":112,"column":79},"skip":true},{"start":{"line":112,"column":83},"end":{"line":121,"column":9},"skip":true}]},"12":{"line":123,"type":"binary-expr","locations":[{"start":{"line":123,"column":42},"end":{"line":123,"column":73},"skip":true},{"start":{"line":123,"column":77},"end":{"line":136,"column":9},"skip":true}]},"13":{"line":138,"type":"binary-expr","locations":[{"start":{"line":138,"column":48},"end":{"line":138,"column":85},"skip":true},{"start":{"line":139,"column":12},"end":{"line":145,"column":13},"skip":true}]},"14":{"line":147,"type":"binary-expr","locations":[{"start":{"line":147,"column":42},"end":{"line":147,"column":73},"skip":true},{"start":{"line":147,"column":77},"end":{"line":156,"column":9},"skip":true}]},"15":{"line":158,"type":"binary-expr","locations":[{"start":{"line":158,"column":45},"end":{"line":158,"column":79},"skip":true},{"start":{"line":158,"column":83},"end":{"line":167,"column":9},"skip":true}]},"16":{"line":169,"type":"binary-expr","locations":[{"start":{"line":169,"column":43},"end":{"line":169,"column":75},"skip":true},{"start":{"line":169,"column":79},"end":{"line":178,"column":9},"skip":true}]},"17":{"line":180,"type":"binary-expr","locations":[{"start":{"line":180,"column":41},"end":{"line":180,"column":71},"skip":true},{"start":{"line":180,"column":75},"end":{"line":189,"column":9},"skip":true}]}},"code":["/* istanbul instrument in package npmtest_jasmine_expect */","/*jslint","    bitwise: true,","    browser: true,","    maxerr: 8,","    maxlen: 96,","    node: true,","    nomen: true,","    regexp: true,","    stupid: true","*/","(function () {","    'use strict';","    var local;","","","","    // run shared js-env code - pre-init","    (function () {","        // init local","        local = {};","        // init modeJs","        local.modeJs = (function () {","            try {","                return typeof navigator.userAgent === 'string' &&","                    typeof document.querySelector('body') === 'object' &&","                    typeof XMLHttpRequest.prototype.open === 'function' &&","                    'browser';","            } catch (errorCaughtBrowser) {","                return module.exports &&","                    typeof process.versions.node === 'string' &&","                    typeof require('http').createServer === 'function' &&","                    'node';","            }","        }());","        // init global","        local.global = local.modeJs === 'browser'","            ? window","            : global;","        switch (local.modeJs) {","        // re-init local from window.local","        case 'browser':","            local = local.global.utility2.objectSetDefault(","                local.global.utility2_rollup || local.global.local,","                local.global.utility2","            );","            break;","        // re-init local from example.js","        case 'node':","            local = (local.global.utility2_rollup || require('utility2'))","                .requireExampleJsFromReadme();","            break;","        }","        // export local","        local.global.local = local;","    }());","","","","    // run shared js-env code - function","    (function () {","        return;","    }());","    switch (local.modeJs) {","","","","    // run browser js-env code - function","    case 'browser':","        break;","","","","    // run node js-env code - function","    case 'node':","        break;","    }","","","","    // run shared js-env code - post-init","    (function () {","        return;","    }());","    switch (local.modeJs) {","","","","    // run browser js-env code - post-init","    case 'browser':","        local.testCase_browser_nullCase = local.testCase_browser_nullCase || function (","            options,","            onError","        ) {","        /*","         * this function will test browsers's null-case handling-behavior-behavior","         */","            onError(null, options);","        };","","        // run tests","        local.nop(local.modeTest &&","            document.querySelector('#testRunButton1') &&","            document.querySelector('#testRunButton1').click());","        break;","","","","    // run node js-env code - post-init","    /* istanbul ignore next */","    case 'node':","        local.testCase_buildApidoc_default = local.testCase_buildApidoc_default || function (","            options,","            onError","        ) {","        /*","         * this function will test buildApidoc's default handling-behavior-behavior","         */","            options = { modulePathList: module.paths };","            local.buildApidoc(options, onError);","        };","","        local.testCase_buildApp_default = local.testCase_buildApp_default || function (","            options,","            onError","        ) {","        /*","         * this function will test buildApp's default handling-behavior-behavior","         */","            local.testCase_buildReadme_default(options, local.onErrorThrow);","            local.testCase_buildLib_default(options, local.onErrorThrow);","            local.testCase_buildTest_default(options, local.onErrorThrow);","            local.testCase_buildCustomOrg_default(options, local.onErrorThrow);","            options = [];","            local.buildApp(options, onError);","        };","","        local.testCase_buildCustomOrg_default = local.testCase_buildCustomOrg_default ||","            function (options, onError) {","            /*","             * this function will test buildCustomOrg's default handling-behavior","             */","                options = {};","                local.buildCustomOrg(options, onError);","            };","","        local.testCase_buildLib_default = local.testCase_buildLib_default || function (","            options,","            onError","        ) {","        /*","         * this function will test buildLib's default handling-behavior","         */","            options = {};","            local.buildLib(options, onError);","        };","","        local.testCase_buildReadme_default = local.testCase_buildReadme_default || function (","            options,","            onError","        ) {","        /*","         * this function will test buildReadme's default handling-behavior-behavior","         */","            options = {};","            local.buildReadme(options, onError);","        };","","        local.testCase_buildTest_default = local.testCase_buildTest_default || function (","            options,","            onError","        ) {","        /*","         * this function will test buildTest's default handling-behavior","         */","            options = {};","            local.buildTest(options, onError);","        };","","        local.testCase_webpage_default = local.testCase_webpage_default || function (","            options,","            onError","        ) {","        /*","         * this function will test webpage's default handling-behavior","         */","            options = { modeCoverageMerge: true, url: local.serverLocalHost + '?modeTest=1' };","            local.browserTest(options, onError);","        };","","        // run test-server","        local.testRunServer(local);","        break;","    }","}());",""],"l":{"12":2,"14":2,"19":2,"21":2,"23":2,"24":2,"25":2,"30":1,"37":2,"40":2,"43":1,"47":1,"50":1,"52":1,"55":2,"61":2,"62":2,"64":2,"70":1,"76":1,"82":2,"83":2,"85":2,"91":1,"98":1,"102":1,"105":1,"112":1,"119":1,"120":1,"123":1,"130":1,"131":1,"132":1,"133":1,"134":1,"135":1,"138":1,"143":2,"144":2,"147":1,"154":2,"155":2,"158":1,"165":2,"166":2,"169":1,"176":2,"177":2,"180":1,"187":1,"188":1,"192":1,"193":1}},"/home/travis/build/npmtest/node-npmtest-jasmine-expect/lib.npmtest_jasmine_expect.js":{"path":"/home/travis/build/npmtest/node-npmtest-jasmine-expect/lib.npmtest_jasmine_expect.js","s":{"1":2,"2":2,"3":2,"4":2,"5":2,"6":2,"7":2,"8":1,"9":2,"10":2,"11":2,"12":2,"13":1,"14":1,"15":1,"16":1},"b":{"1":[2,1,1,1],"2":[1,1,1,1],"3":[1,1],"4":[2,2],"5":[1,1]},"f":{"1":2,"2":2,"3":2},"fnMap":{"1":{"name":"(anonymous_1)","line":12,"loc":{"start":{"line":12,"column":1},"end":{"line":12,"column":13}}},"2":{"name":"(anonymous_2)","line":19,"loc":{"start":{"line":19,"column":5},"end":{"line":19,"column":17}}},"3":{"name":"(anonymous_3)","line":23,"loc":{"start":{"line":23,"column":24},"end":{"line":23,"column":36}}}},"statementMap":{"1":{"start":{"line":12,"column":0},"end":{"line":53,"column":5}},"2":{"start":{"line":14,"column":4},"end":{"line":14,"column":14}},"3":{"start":{"line":19,"column":4},"end":{"line":52,"column":9}},"4":{"start":{"line":21,"column":8},"end":{"line":21,"column":19}},"5":{"start":{"line":23,"column":8},"end":{"line":35,"column":13}},"6":{"start":{"line":24,"column":12},"end":{"line":34,"column":13}},"7":{"start":{"line":25,"column":16},"end":{"line":28,"column":30}},"8":{"start":{"line":30,"column":16},"end":{"line":33,"column":27}},"9":{"start":{"line":37,"column":8},"end":{"line":39,"column":21}},"10":{"start":{"line":41,"column":8},"end":{"line":41,"column":54}},"11":{"start":{"line":43,"column":8},"end":{"line":43,"column":59}},"12":{"start":{"line":45,"column":8},"end":{"line":51,"column":9}},"13":{"start":{"line":46,"column":12},"end":{"line":46,"column":65}},"14":{"start":{"line":48,"column":12},"end":{"line":48,"column":35}},"15":{"start":{"line":49,"column":12},"end":{"line":49,"column":49}},"16":{"start":{"line":50,"column":12},"end":{"line":50,"column":43}}},"branchMap":{"1":{"line":25,"type":"binary-expr","locations":[{"start":{"line":25,"column":23},"end":{"line":25,"column":62}},{"start":{"line":26,"column":20},"end":{"line":26,"column":70}},{"start":{"line":27,"column":20},"end":{"line":27,"column":71}},{"start":{"line":28,"column":20},"end":{"line":28,"column":29}}]},"2":{"line":30,"type":"binary-expr","locations":[{"start":{"line":30,"column":23},"end":{"line":30,"column":37}},{"start":{"line":31,"column":20},"end":{"line":31,"column":61}},{"start":{"line":32,"column":20},"end":{"line":32,"column":70}},{"start":{"line":33,"column":20},"end":{"line":33,"column":26}}]},"3":{"line":37,"type":"cond-expr","locations":[{"start":{"line":38,"column":14},"end":{"line":38,"column":20}},{"start":{"line":39,"column":14},"end":{"line":39,"column":20}}]},"4":{"line":41,"type":"binary-expr","locations":[{"start":{"line":41,"column":16},"end":{"line":41,"column":44}},{"start":{"line":41,"column":48},"end":{"line":41,"column":53}}]},"5":{"line":45,"type":"if","locations":[{"start":{"line":45,"column":8},"end":{"line":45,"column":8}},{"start":{"line":45,"column":8},"end":{"line":45,"column":8}}]}},"code":["/* istanbul instrument in package npmtest_jasmine_expect */","/*jslint","    bitwise: true,","    browser: true,","    maxerr: 8,","    maxlen: 96,","    node: true,","    nomen: true,","    regexp: true,","    stupid: true","*/","(function () {","    'use strict';","    var local;","","","","    // run shared js-env code - pre-init","    (function () {","        // init local","        local = {};","        // init modeJs","        local.modeJs = (function () {","            try {","                return typeof navigator.userAgent === 'string' &&","                    typeof document.querySelector('body') === 'object' &&","                    typeof XMLHttpRequest.prototype.open === 'function' &&","                    'browser';","            } catch (errorCaughtBrowser) {","                return module.exports &&","                    typeof process.versions.node === 'string' &&","                    typeof require('http').createServer === 'function' &&","                    'node';","            }","        }());","        // init global","        local.global = local.modeJs === 'browser'","            ? window","            : global;","        // init utility2_rollup","        local = local.global.utility2_rollup || local;","        // init lib","        local.local = local.npmtest_jasmine_expect = local;","        // init exports","        if (local.modeJs === 'browser') {","            local.global.utility2_npmtest_jasmine_expect = local;","        } else {","            module.exports = local;","            module.exports.__dirname = __dirname;","            module.exports.module = module;","        }","    }());","}());",""],"l":{"12":2,"14":2,"19":2,"21":2,"23":2,"24":2,"25":2,"30":1,"37":2,"41":2,"43":2,"45":2,"46":1,"48":1,"49":1,"50":1}},"/home/travis/build/npmtest/node-npmtest-jasmine-expect/example.js":{"path":"/home/travis/build/npmtest/node-npmtest-jasmine-expect/example.js","s":{"1":2,"2":2,"3":2,"4":2,"5":2,"6":2,"7":2,"8":1,"9":2,"10":2,"11":2,"12":2,"13":1,"14":2,"15":2,"16":2,"17":2,"18":2,"19":0,"20":2,"21":1,"22":1,"23":1,"24":1,"25":1,"26":0,"27":0,"28":1,"29":1,"30":2,"31":0,"32":0,"33":0,"34":1,"35":2,"36":2,"37":3,"38":3,"39":3,"40":3,"41":0,"42":3,"43":3,"44":3,"45":1,"46":3,"47":1,"48":1,"49":1,"50":1,"51":1,"52":1,"53":1,"54":1,"55":1,"56":1,"57":0,"58":1,"59":6,"60":6,"61":1,"62":2,"63":0,"64":2,"65":1,"66":1,"67":0,"68":0,"69":0,"70":0,"71":0,"72":0,"73":0,"74":0,"75":0,"76":0,"77":0,"78":0,"79":0,"80":0,"81":0,"82":0,"83":0},"b":{"1":[2,1,1,1],"2":[1,1,1,1],"3":[1,1],"4":[2,2],"5":[1,1],"6":[1,1],"7":[2,0],"8":[2,1,1,1,1,1],"9":[0,2,0],"10":[1,1],"11":[2,1,1],"12":[1,0],"13":[0,2],"14":[2,0,0,0,0,0,0],"15":[0,3],"16":[3,0],"17":[1,1],"18":[0,1],"19":[1,2,0,2],"20":[1,0],"21":[1,1],"22":[0,0],"23":[0,0],"24":[0,0],"25":[0,0],"26":[0,0],"27":[0,0],"28":[0,0]},"f":{"1":2,"2":2,"3":2,"4":2,"5":2,"6":2,"7":3,"8":3,"9":3,"10":1,"11":6,"12":0},"fnMap":{"1":{"name":"(anonymous_1)","line":26,"loc":{"start":{"line":26,"column":1},"end":{"line":26,"column":13}}},"2":{"name":"(anonymous_2)","line":33,"loc":{"start":{"line":33,"column":5},"end":{"line":33,"column":17}}},"3":{"name":"(anonymous_3)","line":37,"loc":{"start":{"line":37,"column":24},"end":{"line":37,"column":36}}},"4":{"name":"(anonymous_4)","line":69,"loc":{"start":{"line":69,"column":31},"end":{"line":69,"column":48}},"skip":true},"5":{"name":"(anonymous_5)","line":78,"loc":{"start":{"line":78,"column":26},"end":{"line":78,"column":45}},"skip":true},"6":{"name":"(anonymous_6)","line":123,"loc":{"start":{"line":123,"column":33},"end":{"line":123,"column":48}},"skip":true},"7":{"name":"(anonymous_7)","line":125,"loc":{"start":{"line":125,"column":27},"end":{"line":125,"column":39}},"skip":true},"8":{"name":"(anonymous_8)","line":133,"loc":{"start":{"line":133,"column":59},"end":{"line":133,"column":74}},"skip":true},"9":{"name":"(anonymous_9)","line":143,"loc":{"start":{"line":143,"column":45},"end":{"line":143,"column":62}},"skip":true},"10":{"name":"(anonymous_10)","line":144,"loc":{"start":{"line":144,"column":73},"end":{"line":144,"column":92}},"skip":true},"11":{"name":"(anonymous_11)","line":272,"loc":{"start":{"line":272,"column":51},"end":{"line":272,"column":77}},"skip":true},"12":{"name":"(anonymous_12)","line":314,"loc":{"start":{"line":314,"column":32},"end":{"line":314,"column":61}},"skip":true}},"statementMap":{"1":{"start":{"line":26,"column":0},"end":{"line":325,"column":5}},"2":{"start":{"line":28,"column":4},"end":{"line":28,"column":14}},"3":{"start":{"line":33,"column":4},"end":{"line":60,"column":9}},"4":{"start":{"line":35,"column":8},"end":{"line":35,"column":19}},"5":{"start":{"line":37,"column":8},"end":{"line":49,"column":13}},"6":{"start":{"line":38,"column":12},"end":{"line":48,"column":13}},"7":{"start":{"line":39,"column":16},"end":{"line":42,"column":30}},"8":{"start":{"line":44,"column":16},"end":{"line":47,"column":27}},"9":{"start":{"line":51,"column":8},"end":{"line":53,"column":21}},"10":{"start":{"line":55,"column":8},"end":{"line":57,"column":45}},"11":{"start":{"line":59,"column":8},"end":{"line":59,"column":35}},"12":{"start":{"line":61,"column":4},"end":{"line":324,"column":5}},"13":{"start":{"line":69,"column":8},"end":{"line":121,"column":10},"skip":true},"14":{"start":{"line":70,"column":12},"end":{"line":88,"column":13},"skip":true},"15":{"start":{"line":76,"column":16},"end":{"line":87,"column":19},"skip":true},"16":{"start":{"line":79,"column":20},"end":{"line":86,"column":21},"skip":true},"17":{"start":{"line":82,"column":24},"end":{"line":82,"column":43},"skip":true},"18":{"start":{"line":83,"column":24},"end":{"line":83,"column":30},"skip":true},"19":{"start":{"line":85,"column":24},"end":{"line":85,"column":49},"skip":true},"20":{"start":{"line":89,"column":12},"end":{"line":107,"column":13},"skip":true},"21":{"start":{"line":92,"column":16},"end":{"line":102,"column":17},"skip":true},"22":{"start":{"line":93,"column":20},"end":{"line":93,"column":86},"skip":true},"23":{"start":{"line":94,"column":20},"end":{"line":95,"column":45},"skip":true},"24":{"start":{"line":96,"column":20},"end":{"line":96,"column":42},"skip":true},"25":{"start":{"line":97,"column":20},"end":{"line":97,"column":48},"skip":true},"26":{"start":{"line":100,"column":20},"end":{"line":100,"column":85},"skip":true},"27":{"start":{"line":101,"column":20},"end":{"line":101,"column":96},"skip":true},"28":{"start":{"line":103,"column":16},"end":{"line":103,"column":22},"skip":true},"29":{"start":{"line":106,"column":16},"end":{"line":106,"column":22},"skip":true},"30":{"start":{"line":108,"column":12},"end":{"line":120,"column":13},"skip":true},"31":{"start":{"line":114,"column":16},"end":{"line":119,"column":17},"skip":true},"32":{"start":{"line":116,"column":20},"end":{"line":116,"column":78},"skip":true},"33":{"start":{"line":118,"column":20},"end":{"line":118,"column":47},"skip":true},"34":{"start":{"line":123,"column":8},"end":{"line":141,"column":11},"skip":true},"35":{"start":{"line":124,"column":12},"end":{"line":124,"column":54},"skip":true},"36":{"start":{"line":125,"column":12},"end":{"line":140,"column":14},"skip":true},"37":{"start":{"line":126,"column":16},"end":{"line":126,"column":28},"skip":true},"38":{"start":{"line":127,"column":16},"end":{"line":127,"column":69},"skip":true},"39":{"start":{"line":128,"column":16},"end":{"line":128,"column":75},"skip":true},"40":{"start":{"line":129,"column":16},"end":{"line":131,"column":17},"skip":true},"41":{"start":{"line":130,"column":20},"end":{"line":130,"column":27},"skip":true},"42":{"start":{"line":133,"column":16},"end":{"line":137,"column":36},"skip":true},"43":{"start":{"line":134,"column":20},"end":{"line":136,"column":55},"skip":true},"44":{"start":{"line":139,"column":16},"end":{"line":139,"column":57},"skip":true},"45":{"start":{"line":143,"column":8},"end":{"line":147,"column":11},"skip":true},"46":{"start":{"line":144,"column":12},"end":{"line":146,"column":15},"skip":true},"47":{"start":{"line":145,"column":16},"end":{"line":145,"column":70},"skip":true},"48":{"start":{"line":149,"column":8},"end":{"line":149,"column":31},"skip":true},"49":{"start":{"line":150,"column":8},"end":{"line":150,"column":14},"skip":true},"50":{"start":{"line":158,"column":8},"end":{"line":158,"column":31},"skip":true},"51":{"start":{"line":160,"column":8},"end":{"line":160,"column":33},"skip":true},"52":{"start":{"line":161,"column":8},"end":{"line":161,"column":37},"skip":true},"53":{"start":{"line":162,"column":8},"end":{"line":162,"column":35},"skip":true},"54":{"start":{"line":164,"column":8},"end":{"line":164,"column":50},"skip":true},"55":{"start":{"line":166,"column":8},"end":{"line":256,"column":2},"skip":true},"56":{"start":{"line":258,"column":8},"end":{"line":286,"column":9},"skip":true},"57":{"start":{"line":259,"column":12},"end":{"line":269,"column":14},"skip":true},"58":{"start":{"line":271,"column":12},"end":{"line":285,"column":19},"skip":true},"59":{"start":{"line":274,"column":20},"end":{"line":274,"column":35},"skip":true},"60":{"start":{"line":275,"column":20},"end":{"line":284,"column":21},"skip":true},"61":{"start":{"line":277,"column":24},"end":{"line":277,"column":64},"skip":true},"62":{"start":{"line":279,"column":24},"end":{"line":279,"column":40},"skip":true},"63":{"start":{"line":281,"column":24},"end":{"line":281,"column":40},"skip":true},"64":{"start":{"line":283,"column":24},"end":{"line":283,"column":39},"skip":true},"65":{"start":{"line":288,"column":8},"end":{"line":290,"column":9},"skip":true},"66":{"start":{"line":289,"column":12},"end":{"line":289,"column":18},"skip":true},"67":{"start":{"line":291,"column":8},"end":{"line":293,"column":54},"skip":true},"68":{"start":{"line":294,"column":8},"end":{"line":301,"column":37},"skip":true},"69":{"start":{"line":302,"column":8},"end":{"line":302,"column":82},"skip":true},"70":{"start":{"line":305,"column":8},"end":{"line":307,"column":9},"skip":true},"71":{"start":{"line":306,"column":12},"end":{"line":306,"column":82},"skip":true},"72":{"start":{"line":309,"column":8},"end":{"line":311,"column":9},"skip":true},"73":{"start":{"line":310,"column":12},"end":{"line":310,"column":18},"skip":true},"74":{"start":{"line":312,"column":8},"end":{"line":312,"column":54},"skip":true},"75":{"start":{"line":313,"column":8},"end":{"line":313,"column":69},"skip":true},"76":{"start":{"line":314,"column":8},"end":{"line":322,"column":36},"skip":true},"77":{"start":{"line":315,"column":12},"end":{"line":315,"column":61},"skip":true},"78":{"start":{"line":316,"column":12},"end":{"line":319,"column":13},"skip":true},"79":{"start":{"line":317,"column":16},"end":{"line":317,"column":75},"skip":true},"80":{"start":{"line":318,"column":16},"end":{"line":318,"column":23},"skip":true},"81":{"start":{"line":320,"column":12},"end":{"line":320,"column":38},"skip":true},"82":{"start":{"line":321,"column":12},"end":{"line":321,"column":27},"skip":true},"83":{"start":{"line":323,"column":8},"end":{"line":323,"column":14},"skip":true}},"branchMap":{"1":{"line":39,"type":"binary-expr","locations":[{"start":{"line":39,"column":23},"end":{"line":39,"column":62}},{"start":{"line":40,"column":20},"end":{"line":40,"column":70}},{"start":{"line":41,"column":20},"end":{"line":41,"column":71}},{"start":{"line":42,"column":20},"end":{"line":42,"column":29}}]},"2":{"line":44,"type":"binary-expr","locations":[{"start":{"line":44,"column":23},"end":{"line":44,"column":37}},{"start":{"line":45,"column":20},"end":{"line":45,"column":61}},{"start":{"line":46,"column":20},"end":{"line":46,"column":70}},{"start":{"line":47,"column":20},"end":{"line":47,"column":26}}]},"3":{"line":51,"type":"cond-expr","locations":[{"start":{"line":52,"column":14},"end":{"line":52,"column":20}},{"start":{"line":53,"column":14},"end":{"line":53,"column":20}}]},"4":{"line":55,"type":"binary-expr","locations":[{"start":{"line":55,"column":16},"end":{"line":55,"column":44}},{"start":{"line":55,"column":49},"end":{"line":57,"column":43}}]},"5":{"line":55,"type":"cond-expr","locations":[{"start":{"line":56,"column":14},"end":{"line":56,"column":58}},{"start":{"line":57,"column":14},"end":{"line":57,"column":43}}]},"6":{"line":61,"type":"switch","locations":[{"start":{"line":68,"column":4},"end":{"line":150,"column":14},"skip":true},{"start":{"line":156,"column":4},"end":{"line":323,"column":14},"skip":true}]},"7":{"line":70,"type":"if","locations":[{"start":{"line":70,"column":12},"end":{"line":70,"column":12},"skip":true},{"start":{"line":70,"column":12},"end":{"line":70,"column":12},"skip":true}]},"8":{"line":70,"type":"binary-expr","locations":[{"start":{"line":70,"column":16},"end":{"line":70,"column":22},"skip":true},{"start":{"line":70,"column":27},"end":{"line":70,"column":32},"skip":true},{"start":{"line":71,"column":20},"end":{"line":71,"column":39},"skip":true},{"start":{"line":72,"column":20},"end":{"line":72,"column":49},"skip":true},{"start":{"line":73,"column":20},"end":{"line":73,"column":58},"skip":true},{"start":{"line":74,"column":20},"end":{"line":74,"column":69},"skip":true}]},"9":{"line":79,"type":"switch","locations":[{"start":{"line":80,"column":20},"end":{"line":80,"column":33},"skip":true},{"start":{"line":81,"column":20},"end":{"line":83,"column":30},"skip":true},{"start":{"line":84,"column":20},"end":{"line":85,"column":49},"skip":true}]},"10":{"line":89,"type":"switch","locations":[{"start":{"line":90,"column":12},"end":{"line":103,"column":22},"skip":true},{"start":{"line":105,"column":12},"end":{"line":106,"column":22},"skip":true}]},"11":{"line":89,"type":"binary-expr","locations":[{"start":{"line":89,"column":20},"end":{"line":89,"column":25},"skip":true},{"start":{"line":89,"column":29},"end":{"line":89,"column":48},"skip":true},{"start":{"line":89,"column":52},"end":{"line":89,"column":74},"skip":true}]},"12":{"line":92,"type":"if","locations":[{"start":{"line":92,"column":16},"end":{"line":92,"column":16},"skip":true},{"start":{"line":92,"column":16},"end":{"line":92,"column":16},"skip":true}]},"13":{"line":108,"type":"if","locations":[{"start":{"line":108,"column":12},"end":{"line":108,"column":12},"skip":true},{"start":{"line":108,"column":12},"end":{"line":108,"column":12},"skip":true}]},"14":{"line":108,"type":"binary-expr","locations":[{"start":{"line":108,"column":16},"end":{"line":108,"column":61},"skip":true},{"start":{"line":108,"column":66},"end":{"line":108,"column":72},"skip":true},{"start":{"line":108,"column":77},"end":{"line":108,"column":82},"skip":true},{"start":{"line":109,"column":20},"end":{"line":109,"column":39},"skip":true},{"start":{"line":110,"column":20},"end":{"line":110,"column":49},"skip":true},{"start":{"line":111,"column":20},"end":{"line":111,"column":58},"skip":true},{"start":{"line":112,"column":20},"end":{"line":112,"column":68},"skip":true}]},"15":{"line":129,"type":"if","locations":[{"start":{"line":129,"column":16},"end":{"line":129,"column":16},"skip":true},{"start":{"line":129,"column":16},"end":{"line":129,"column":16},"skip":true}]},"16":{"line":134,"type":"cond-expr","locations":[{"start":{"line":135,"column":26},"end":{"line":135,"column":29},"skip":true},{"start":{"line":136,"column":26},"end":{"line":136,"column":54},"skip":true}]},"17":{"line":164,"type":"binary-expr","locations":[{"start":{"line":164,"column":27},"end":{"line":164,"column":43},"skip":true},{"start":{"line":164,"column":47},"end":{"line":164,"column":49},"skip":true}]},"18":{"line":258,"type":"if","locations":[{"start":{"line":258,"column":8},"end":{"line":258,"column":8},"skip":true},{"start":{"line":258,"column":8},"end":{"line":258,"column":8},"skip":true}]},"19":{"line":275,"type":"switch","locations":[{"start":{"line":276,"column":20},"end":{"line":277,"column":64},"skip":true},{"start":{"line":278,"column":20},"end":{"line":279,"column":40},"skip":true},{"start":{"line":280,"column":20},"end":{"line":281,"column":40},"skip":true},{"start":{"line":282,"column":20},"end":{"line":283,"column":39},"skip":true}]},"20":{"line":288,"type":"if","locations":[{"start":{"line":288,"column":8},"end":{"line":288,"column":8},"skip":true},{"start":{"line":288,"column":8},"end":{"line":288,"column":8},"skip":true}]},"21":{"line":288,"type":"binary-expr","locations":[{"start":{"line":288,"column":12},"end":{"line":288,"column":40},"skip":true},{"start":{"line":288,"column":44},"end":{"line":288,"column":67},"skip":true}]},"22":{"line":292,"type":"binary-expr","locations":[{"start":{"line":292,"column":12},"end":{"line":292,"column":50},"skip":true},{"start":{"line":293,"column":12},"end":{"line":293,"column":53},"skip":true}]},"23":{"line":295,"type":"binary-expr","locations":[{"start":{"line":295,"column":12},"end":{"line":295,"column":72},"skip":true},{"start":{"line":296,"column":12},"end":{"line":301,"column":36},"skip":true}]},"24":{"line":302,"type":"binary-expr","locations":[{"start":{"line":302,"column":43},"end":{"line":302,"column":75},"skip":true},{"start":{"line":302,"column":79},"end":{"line":302,"column":81},"skip":true}]},"25":{"line":305,"type":"if","locations":[{"start":{"line":305,"column":8},"end":{"line":305,"column":8},"skip":true},{"start":{"line":305,"column":8},"end":{"line":305,"column":8},"skip":true}]},"26":{"line":309,"type":"if","locations":[{"start":{"line":309,"column":8},"end":{"line":309,"column":8},"skip":true},{"start":{"line":309,"column":8},"end":{"line":309,"column":8},"skip":true}]},"27":{"line":312,"type":"binary-expr","locations":[{"start":{"line":312,"column":27},"end":{"line":312,"column":43},"skip":true},{"start":{"line":312,"column":47},"end":{"line":312,"column":53},"skip":true}]},"28":{"line":316,"type":"if","locations":[{"start":{"line":316,"column":12},"end":{"line":316,"column":12},"skip":true},{"start":{"line":316,"column":12},"end":{"line":316,"column":12},"skip":true}]}},"code":["/*","example.js","","quickstart example","","instruction","    1. save this script as example.js","    2. run the shell command:","        $ npm install npmtest-jasmine-expect && PORT=8081 node example.js","    3. play with the browser-demo on http://127.0.0.1:8081","*/","","","","/* istanbul instrument in package npmtest_jasmine_expect */","/*jslint","    bitwise: true,","    browser: true,","    maxerr: 8,","    maxlen: 96,","    node: true,","    nomen: true,","    regexp: true,","    stupid: true","*/","(function () {","    'use strict';","    var local;","","","","    // run shared js-env code - pre-init","    (function () {","        // init local","        local = {};","        // init modeJs","        local.modeJs = (function () {","            try {","                return typeof navigator.userAgent === 'string' &&","                    typeof document.querySelector('body') === 'object' &&","                    typeof XMLHttpRequest.prototype.open === 'function' &&","                    'browser';","            } catch (errorCaughtBrowser) {","                return module.exports &&","                    typeof process.versions.node === 'string' &&","                    typeof require('http').createServer === 'function' &&","                    'node';","            }","        }());","        // init global","        local.global = local.modeJs === 'browser'","            ? window","            : global;","        // init utility2_rollup","        local = local.global.utility2_rollup || (local.modeJs === 'browser'","            ? local.global.utility2_npmtest_jasmine_expect","            : global.utility2_moduleExports);","        // export local","        local.global.local = local;","    }());","    switch (local.modeJs) {","","","","    // post-init","    // run browser js-env code - post-init","    /* istanbul ignore next */","    case 'browser':","        local.testRunBrowser = function (event) {","            if (!event || (event &&","                    event.currentTarget &&","                    event.currentTarget.className &&","                    event.currentTarget.className.includes &&","                    event.currentTarget.className.includes('onreset'))) {","                // reset output","                Array.from(","                    document.querySelectorAll('body > .resettable')","                ).forEach(function (element) {","                    switch (element.tagName) {","                    case 'INPUT':","                    case 'TEXTAREA':","                        element.value = '';","                        break;","                    default:","                        element.textContent = '';","                    }","                });","            }","            switch (event && event.currentTarget && event.currentTarget.id) {","            case 'testRunButton1':","                // show tests","                if (document.querySelector('#testReportDiv1').style.display === 'none') {","                    document.querySelector('#testReportDiv1').style.display = 'block';","                    document.querySelector('#testRunButton1').textContent =","                        'hide internal test';","                    local.modeTest = true;","                    local.testRunDefault(local);","                // hide tests","                } else {","                    document.querySelector('#testReportDiv1').style.display = 'none';","                    document.querySelector('#testRunButton1').textContent = 'run internal test';","                }","                break;","            // custom-case","            default:","                break;","            }","            if (document.querySelector('#inputTextareaEval1') && (!event || (event &&","                    event.currentTarget &&","                    event.currentTarget.className &&","                    event.currentTarget.className.includes &&","                    event.currentTarget.className.includes('oneval')))) {","                // try to eval input-code","                try {","                    /*jslint evil: true*/","                    eval(document.querySelector('#inputTextareaEval1').value);","                } catch (errorCaught) {","                    console.error(errorCaught);","                }","            }","        };","        // log stderr and stdout to #outputTextareaStdout1","        ['error', 'log'].forEach(function (key) {","            console[key + '_original'] = console[key];","            console[key] = function () {","                var element;","                console[key + '_original'].apply(console, arguments);","                element = document.querySelector('#outputTextareaStdout1');","                if (!element) {","                    return;","                }","                // append text to #outputTextareaStdout1","                element.value += Array.from(arguments).map(function (arg) {","                    return typeof arg === 'string'","                        ? arg","                        : JSON.stringify(arg, null, 4);","                }).join(' ') + '\\n';","                // scroll textarea to bottom","                element.scrollTop = element.scrollHeight;","            };","        });","        // init event-handling","        ['change', 'click', 'keyup'].forEach(function (event) {","            Array.from(document.querySelectorAll('.on' + event)).forEach(function (element) {","                element.addEventListener(event, local.testRunBrowser);","            });","        });","        // run tests","        local.testRunBrowser();","        break;","","","","    // run node js-env code - post-init","    /* istanbul ignore next */","    case 'node':","        // export local","        module.exports = local;","        // require modules","        local.fs = require('fs');","        local.http = require('http');","        local.url = require('url');","        // init assets","        local.assetsDict = local.assetsDict || {};","        /* jslint-ignore-begin */","        local.assetsDict['/assets.index.template.html'] = '\\","<!doctype html>\\n\\","<html lang=\"en\">\\n\\","<head>\\n\\","<meta charset=\"UTF-8\">\\n\\","<meta name=\"viewport\" content=\"width=device-width, initial-scale=1\">\\n\\","<title>{{env.npm_package_name}} (v{{env.npm_package_version}})</title>\\n\\","<style>\\n\\","/*csslint\\n\\","    box-sizing: false,\\n\\","    universal-selector: false\\n\\","*/\\n\\","* {\\n\\","    box-sizing: border-box;\\n\\","}\\n\\","body {\\n\\","    background: #dde;\\n\\","    font-family: Arial, Helvetica, sans-serif;\\n\\","    margin: 2rem;\\n\\","}\\n\\","body > * {\\n\\","    margin-bottom: 1rem;\\n\\","}\\n\\",".utility2FooterDiv {\\n\\","    margin-top: 20px;\\n\\","    text-align: center;\\n\\","}\\n\\","</style>\\n\\","<style>\\n\\","/*csslint\\n\\","*/\\n\\","textarea {\\n\\","    font-family: monospace;\\n\\","    height: 10rem;\\n\\","    width: 100%;\\n\\","}\\n\\","textarea[readonly] {\\n\\","    background: #ddd;\\n\\","}\\n\\","</style>\\n\\","</head>\\n\\","<body>\\n\\","<!-- utility2-comment\\n\\","<div id=\"ajaxProgressDiv1\" style=\"background: #d00; height: 2px; left: 0; margin: 0; padding: 0; position: fixed; top: 0; transition: background 0.5s, width 1.5s; width: 25%;\"></div>\\n\\","utility2-comment -->\\n\\","<h1>\\n\\","<!-- utility2-comment\\n\\","    <a\\n\\","        {{#if env.npm_package_homepage}}\\n\\","        href=\"{{env.npm_package_homepage}}\"\\n\\","        {{/if env.npm_package_homepage}}\\n\\","        target=\"_blank\"\\n\\","    >\\n\\","utility2-comment -->\\n\\","        {{env.npm_package_name}} (v{{env.npm_package_version}})\\n\\","<!-- utility2-comment\\n\\","    </a>\\n\\","utility2-comment -->\\n\\","</h1>\\n\\","<h3>{{env.npm_package_description}}</h3>\\n\\","<!-- utility2-comment\\n\\","<h4><a download href=\"assets.app.js\">download standalone app</a></h4>\\n\\","<button class=\"onclick onreset\" id=\"testRunButton1\">run internal test</button><br>\\n\\","<div id=\"testReportDiv1\" style=\"display: none;\"></div>\\n\\","utility2-comment -->\\n\\","\\n\\","\\n\\","\\n\\","<label>stderr and stdout</label>\\n\\","<textarea class=\"resettable\" id=\"outputTextareaStdout1\" readonly></textarea>\\n\\","<!-- utility2-comment\\n\\","{{#if isRollup}}\\n\\","<script src=\"assets.app.js\"></script>\\n\\","{{#unless isRollup}}\\n\\","utility2-comment -->\\n\\","<script src=\"assets.utility2.rollup.js\"></script>\\n\\","<script src=\"jsonp.utility2._stateInit?callback=window.utility2._stateInit\"></script>\\n\\","<script src=\"assets.npmtest_jasmine_expect.rollup.js\"></script>\\n\\","<script src=\"assets.example.js\"></script>\\n\\","<script src=\"assets.test.js\"></script>\\n\\","<!-- utility2-comment\\n\\","{{/if isRollup}}\\n\\","utility2-comment -->\\n\\","<div class=\"utility2FooterDiv\">\\n\\","    [ this app was created with\\n\\","    <a href=\"https://github.com/kaizhu256/node-utility2\" target=\"_blank\">utility2</a>\\n\\","    ]\\n\\","</div>\\n\\","</body>\\n\\","</html>\\n\\","';","        /* jslint-ignore-end */","        if (local.templateRender) {","            local.assetsDict['/'] = local.templateRender(","                local.assetsDict['/assets.index.template.html'],","                {","                    env: local.objectSetDefault(local.env, {","                        npm_package_description: 'the greatest app in the world!',","                        npm_package_name: 'my-app',","                        npm_package_nameAlias: 'my_app',","                        npm_package_version: '0.0.1'","                    })","                }","            );","        } else {","            local.assetsDict['/'] = local.assetsDict['/assets.index.template.html']","                .replace((/\\{\\{env\\.(\\w+?)\\}\\}/g), function (match0, match1) {","                    // jslint-hack","                    String(match0);","                    switch (match1) {","                    case 'npm_package_description':","                        return 'the greatest app in the world!';","                    case 'npm_package_name':","                        return 'my-app';","                    case 'npm_package_nameAlias':","                        return 'my_app';","                    case 'npm_package_version':","                        return '0.0.1';","                    }","                });","        }","        // run the cli","        if (local.global.utility2_rollup || module !== require.main) {","            break;","        }","        local.assetsDict['/assets.example.js'] =","            local.assetsDict['/assets.example.js'] ||","            local.fs.readFileSync(__filename, 'utf8');","        local.assetsDict['/assets.npmtest_jasmine_expect.rollup.js'] =","            local.assetsDict['/assets.npmtest_jasmine_expect.rollup.js'] ||","            local.fs.readFileSync(","                // buildCustomOrg-hack","                local.npmtest_jasmine_expect.__dirname +","                    '/lib.npmtest_jasmine_expect.js',","                'utf8'","            ).replace((/^#!/), '//');","        local.assetsDict['/favicon.ico'] = local.assetsDict['/favicon.ico'] || '';","        // if $npm_config_timeout_exit exists,","        // then exit this process after $npm_config_timeout_exit ms","        if (Number(process.env.npm_config_timeout_exit)) {","            setTimeout(process.exit, Number(process.env.npm_config_timeout_exit));","        }","        // start server","        if (local.global.utility2_serverHttp1) {","            break;","        }","        process.env.PORT = process.env.PORT || '8081';","        console.error('server starting on port ' + process.env.PORT);","        local.http.createServer(function (request, response) {","            request.urlParsed = local.url.parse(request.url);","            if (local.assetsDict[request.urlParsed.pathname] !== undefined) {","                response.end(local.assetsDict[request.urlParsed.pathname]);","                return;","            }","            response.statusCode = 404;","            response.end();","        }).listen(process.env.PORT);","        break;","    }","}());",""],"l":{"26":2,"28":2,"33":2,"35":2,"37":2,"38":2,"39":2,"44":1,"51":2,"55":2,"59":2,"61":2,"69":1,"70":2,"76":2,"79":2,"82":2,"83":2,"85":1,"89":2,"92":1,"93":1,"94":1,"96":1,"97":1,"100":1,"101":1,"103":1,"106":1,"108":2,"114":1,"116":1,"118":1,"123":1,"124":2,"125":2,"126":3,"127":3,"128":3,"129":3,"130":1,"133":3,"134":3,"139":3,"143":1,"144":3,"145":1,"149":1,"150":1,"158":1,"160":1,"161":1,"162":1,"164":1,"166":1,"258":1,"259":1,"271":1,"274":6,"275":6,"277":1,"279":2,"281":1,"283":2,"288":1,"289":1,"291":1,"294":1,"302":1,"305":1,"306":1,"309":1,"310":1,"312":1,"313":1,"314":1,"315":1,"316":1,"317":1,"318":1,"320":1,"321":1,"323":1}},"/home/travis/build/npmtest/node-npmtest-jasmine-expect/node_modules/jasmine-expect/index.js":{"path":"/home/travis/build/npmtest/node-npmtest-jasmine-expect/node_modules/jasmine-expect/index.js","s":{"1":2},"b":{},"f":{},"fnMap":{},"statementMap":{"1":{"start":{"line":2,"column":0},"end":{"line":2,"column":52}}},"branchMap":{},"code":["// public","module.exports = require('./dist/jasmine-matchers');",""],"l":{"2":2}},"/home/travis/build/npmtest/node-npmtest-jasmine-expect/node_modules/jasmine-expect/dist/jasmine-matchers.js":{"path":"/home/travis/build/npmtest/node-npmtest-jasmine-expect/node_modules/jasmine-expect/dist/jasmine-matchers.js","s":{"1":2,"2":1,"3":22,"4":22,"5":0,"6":0,"7":0,"8":0,"9":0,"10":0,"11":0,"12":22,"13":22,"14":20,"15":20,"16":18,"17":2,"18":2,"19":2,"20":0,"21":2,"22":2,"23":2,"24":2,"25":2,"26":2,"27":2,"28":2,"29":1,"30":0,"31":0,"32":0,"33":1,"34":0,"35":0,"36":0,"37":0,"38":0,"39":0,"40":2,"41":2,"42":1,"43":2,"44":2,"45":0,"46":2,"47":0,"48":2,"49":0,"50":2,"51":0,"52":0,"53":1,"54":0,"55":0,"56":0,"57":0,"58":0,"59":2,"60":0,"61":1,"62":0,"63":0,"64":0,"65":0,"66":0,"67":0,"68":1,"69":0,"70":0,"71":1,"72":0,"73":0,"74":1,"75":0,"76":0,"77":1,"78":0,"79":0,"80":2,"81":2,"82":2,"83":0,"84":1,"85":0,"86":0,"87":0,"88":0,"89":0,"90":0,"91":1,"92":0,"93":0,"94":0,"95":1,"96":0,"97":2,"98":1,"99":0,"100":0,"101":0,"102":0,"103":1,"104":0,"105":0,"106":0,"107":0,"108":1,"109":0,"110":0,"111":0,"112":0,"113":2,"114":1,"115":0,"116":0,"117":0,"118":0,"119":1,"120":0,"121":0,"122":0,"123":0,"124":0,"125":1,"126":0,"127":0,"128":0,"129":0,"130":0,"131":1,"132":0,"133":0,"134":0,"135":2,"136":2,"137":2,"138":0,"139":1,"140":0,"141":0,"142":0,"143":0,"144":0,"145":1,"146":0,"147":0,"148":0,"149":1,"150":0,"151":2,"152":1,"153":0,"154":0,"155":0,"156":0,"157":0,"158":0,"159":1,"160":0,"161":0,"162":0,"163":0,"164":0,"165":0,"166":1,"167":0,"168":0,"169":0,"170":0,"171":0,"172":0,"173":1,"174":0,"175":2,"176":1,"177":0,"178":0,"179":0,"180":0,"181":0,"182":0,"183":1,"184":0,"185":0,"186":0,"187":0,"188":0,"189":0,"190":1,"191":0,"192":0,"193":0,"194":0,"195":0,"196":0,"197":1,"198":0,"199":2,"200":0,"201":0,"202":0,"203":0,"204":0,"205":0,"206":0,"207":0,"208":0,"209":0,"210":0,"211":1,"212":0,"213":0,"214":1,"215":0,"216":0,"217":0,"218":0,"219":0,"220":0,"221":0,"222":0,"223":0,"224":0,"225":0,"226":0,"227":0,"228":0,"229":0,"230":0,"231":0,"232":0,"233":0,"234":0,"235":0,"236":0,"237":0,"238":0,"239":0,"240":0,"241":0,"242":0,"243":0,"244":0,"245":0,"246":0,"247":0,"248":0,"249":0,"250":0,"251":0,"252":0,"253":0,"254":0,"255":0,"256":0,"257":0,"258":0,"259":0,"260":0,"261":0,"262":0,"263":0,"264":0,"265":0,"266":0,"267":0,"268":1,"269":0,"270":0,"271":0,"272":0,"273":0,"274":0,"275":0,"276":0,"277":0,"278":0,"279":0,"280":0,"281":0,"282":0,"283":0,"284":0,"285":0,"286":0,"287":0,"288":0,"289":0,"290":0,"291":0,"292":0,"293":0,"294":0,"295":0,"296":0,"297":0,"298":0,"299":1,"300":0,"301":0,"302":0,"303":0,"304":0,"305":0,"306":0,"307":0,"308":0,"309":0,"310":0,"311":0,"312":0,"313":0,"314":0,"315":0,"316":0,"317":0,"318":0,"319":0,"320":0,"321":0,"322":0,"323":0,"324":0,"325":0,"326":0,"327":0,"328":0,"329":0,"330":0,"331":0,"332":0,"333":0,"334":0,"335":0,"336":0,"337":0,"338":0,"339":0,"340":0,"341":0,"342":0,"343":0,"344":0,"345":0,"346":0,"347":0,"348":0,"349":0,"350":0,"351":0,"352":0,"353":0,"354":0,"355":0,"356":0,"357":0,"358":0,"359":0,"360":0,"361":0,"362":0,"363":0,"364":0,"365":0,"366":0,"367":0,"368":0,"369":0,"370":0,"371":0,"372":0,"373":0,"374":0,"375":0,"376":0,"377":0,"378":0,"379":0,"380":0,"381":0,"382":0,"383":0,"384":0,"385":0,"386":0,"387":0,"388":0,"389":0,"390":0,"391":0,"392":0,"393":0,"394":0,"395":0,"396":0,"397":0,"398":0,"399":0,"400":0,"401":0,"402":0,"403":0,"404":0,"405":0,"406":0,"407":0,"408":0,"409":0,"410":0,"411":0,"412":0,"413":0,"414":0,"415":0,"416":0,"417":0,"418":0,"419":0,"420":0,"421":0,"422":0,"423":0,"424":0,"425":0,"426":0,"427":0,"428":0,"429":0,"430":0,"431":0,"432":0,"433":0,"434":0,"435":0,"436":0,"437":0,"438":0,"439":0,"440":0,"441":0,"442":0,"443":0,"444":0,"445":0,"446":0,"447":0,"448":0,"449":0,"450":0,"451":0,"452":0,"453":0,"454":0,"455":0,"456":0,"457":0,"458":0,"459":0,"460":0,"461":0,"462":0,"463":0,"464":0,"465":0,"466":0,"467":0,"468":0,"469":0,"470":0,"471":0,"472":0,"473":0,"474":0,"475":0,"476":0,"477":0,"478":0,"479":0,"480":0,"481":0,"482":0,"483":0,"484":0,"485":0,"486":0,"487":0,"488":0,"489":0,"490":0},"b":{"1":[22,0],"2":[0,22],"3":[0,0],"4":[0,0],"5":[0,0],"6":[0,0],"7":[20,0],"8":[2,2],"9":[2,0],"10":[0,0],"11":[0,0],"12":[0,0],"13":[2,0],"14":[0,0],"15":[0,0],"16":[0,2],"17":[2,0],"18":[0,2],"19":[2,0],"20":[0,2],"21":[0,0],"22":[0,0],"23":[0,0],"24":[0,0],"25":[0,0],"26":[0,0],"27":[0,0],"28":[0,0],"29":[0,0],"30":[0,0],"31":[0,0],"32":[0,0],"33":[0,0],"34":[0,0],"35":[0,0],"36":[0,0],"37":[0,0],"38":[0,0],"39":[0,0],"40":[0,0],"41":[0,0],"42":[0,0],"43":[0,0],"44":[0,0],"45":[0,0],"46":[0,0,0],"47":[0,0],"48":[0,0],"49":[0,0],"50":[0,0],"51":[0,0],"52":[0,0,0,0,0,0,0],"53":[0,0],"54":[0,0,0],"55":[0,0,0],"56":[0,0],"57":[0,0],"58":[0,0],"59":[0,0],"60":[0,0],"61":[0,0,0],"62":[0,0,0],"63":[0,0],"64":[0,0],"65":[0,0],"66":[0,0,0],"67":[0,0,0],"68":[0,0,0],"69":[0,0],"70":[0,0],"71":[0,0],"72":[0,0,0],"73":[0,0],"74":[0,0],"75":[0,0],"76":[0,0],"77":[0,0,0],"78":[0,0,0]},"f":{"1":2,"2":22,"3":20,"4":2,"5":2,"6":2,"7":2,"8":0,"9":0,"10":0,"11":0,"12":2,"13":2,"14":0,"15":2,"16":0,"17":0,"18":0,"19":0,"20":0,"21":0,"22":0,"23":0,"24":0,"25":0,"26":0,"27":0,"28":2,"29":0,"30":0,"31":0,"32":0,"33":0,"34":0,"35":0,"36":2,"37":0,"38":0,"39":0,"40":0,"41":0,"42":0,"43":0,"44":0,"45":0,"46":2,"47":0,"48":0,"49":0,"50":0,"51":0,"52":0,"53":0,"54":0,"55":0,"56":0,"57":2,"58":0,"59":0,"60":0,"61":0,"62":0,"63":0,"64":2,"65":0,"66":0,"67":0,"68":0,"69":0,"70":0,"71":0,"72":0,"73":0,"74":0,"75":2,"76":0,"77":0,"78":0,"79":0,"80":0,"81":0,"82":0,"83":0,"84":0,"85":0,"86":2,"87":0,"88":0,"89":0,"90":0,"91":0,"92":0,"93":0,"94":0,"95":0,"96":0,"97":0,"98":0,"99":0,"100":0,"101":0,"102":0,"103":0,"104":0,"105":0,"106":0,"107":0,"108":0,"109":0,"110":0,"111":0,"112":0,"113":0,"114":0,"115":0,"116":0,"117":0,"118":0,"119":0,"120":0,"121":0,"122":0,"123":0,"124":0,"125":0,"126":0,"127":0,"128":0,"129":0,"130":0,"131":0,"132":0,"133":0,"134":0,"135":0,"136":0,"137":0,"138":0,"139":0,"140":0,"141":0,"142":0,"143":0,"144":0,"145":0,"146":0,"147":0,"148":0,"149":0,"150":0,"151":0,"152":0,"153":0,"154":0,"155":0,"156":0,"157":0,"158":0,"159":0,"160":0,"161":0,"162":0,"163":0,"164":0,"165":0,"166":0,"167":0,"168":0,"169":0,"170":0,"171":0,"172":0,"173":0,"174":0,"175":0,"176":0,"177":0,"178":0,"179":0,"180":0,"181":0,"182":0,"183":0,"184":0,"185":0,"186":0,"187":0,"188":0,"189":0,"190":0,"191":0,"192":0,"193":0,"194":0,"195":0,"196":0,"197":0,"198":0,"199":0,"200":0,"201":0,"202":0,"203":0,"204":0,"205":0,"206":0,"207":0,"208":0,"209":0,"210":0,"211":0,"212":0,"213":0,"214":0,"215":0,"216":0,"217":0,"218":0,"219":0,"220":0,"221":0,"222":0,"223":0,"224":0,"225":0,"226":0,"227":0},"fnMap":{"1":{"name":"e","line":1,"loc":{"start":{"line":1,"column":1},"end":{"line":1,"column":18}}},"2":{"name":"s","line":1,"loc":{"start":{"line":1,"column":19},"end":{"line":1,"column":34}}},"3":{"name":"(anonymous_3)","line":1,"loc":{"start":{"line":1,"column":268},"end":{"line":1,"column":279}}},"4":{"name":"(anonymous_4)","line":1,"loc":{"start":{"line":1,"column":447},"end":{"line":1,"column":479}}},"5":{"name":"(anonymous_5)","line":2,"loc":{"start":{"line":2,"column":1},"end":{"line":2,"column":18}}},"6":{"name":"(anonymous_6)","line":17,"loc":{"start":{"line":17,"column":91},"end":{"line":17,"column":123}}},"7":{"name":"(anonymous_7)","line":18,"loc":{"start":{"line":18,"column":1},"end":{"line":18,"column":18}}},"8":{"name":"addAsymmetricMatchers","line":23,"loc":{"start":{"line":23,"column":0},"end":{"line":23,"column":47}}},"9":{"name":"addAsymmetricMatcher","line":31,"loc":{"start":{"line":31,"column":0},"end":{"line":31,"column":45}}},"10":{"name":"(anonymous_10)","line":32,"loc":{"start":{"line":32,"column":21},"end":{"line":32,"column":33}}},"11":{"name":"(anonymous_11)","line":35,"loc":{"start":{"line":35,"column":23},"end":{"line":35,"column":41}}},"12":{"name":"(anonymous_12)","line":45,"loc":{"start":{"line":45,"column":9},"end":{"line":45,"column":41}}},"13":{"name":"createRegister","line":53,"loc":{"start":{"line":53,"column":0},"end":{"line":53,"column":45}}},"14":{"name":"addMatchers","line":70,"loc":{"start":{"line":70,"column":2},"end":{"line":70,"column":39}}},"15":{"name":"(anonymous_15)","line":81,"loc":{"start":{"line":81,"column":38},"end":{"line":81,"column":70}}},"16":{"name":"(anonymous_16)","line":83,"loc":{"start":{"line":83,"column":15},"end":{"line":83,"column":34}}},"17":{"name":"createFactory","line":91,"loc":{"start":{"line":91,"column":4},"end":{"line":91,"column":36}}},"18":{"name":"(anonymous_18)","line":92,"loc":{"start":{"line":92,"column":13},"end":{"line":92,"column":38}}},"19":{"name":"(anonymous_19)","line":95,"loc":{"start":{"line":95,"column":27},"end":{"line":95,"column":39}}},"20":{"name":"adapterForActual","line":102,"loc":{"start":{"line":102,"column":4},"end":{"line":102,"column":45}}},"21":{"name":"(anonymous_21)","line":103,"loc":{"start":{"line":103,"column":13},"end":{"line":103,"column":40}}},"22":{"name":"adapterForActualAndExpected","line":108,"loc":{"start":{"line":108,"column":4},"end":{"line":108,"column":56}}},"23":{"name":"(anonymous_23)","line":109,"loc":{"start":{"line":109,"column":13},"end":{"line":109,"column":50}}},"24":{"name":"adapterForActualAndTwoExpected","line":114,"loc":{"start":{"line":114,"column":4},"end":{"line":114,"column":59}}},"25":{"name":"(anonymous_25)","line":115,"loc":{"start":{"line":115,"column":13},"end":{"line":115,"column":62}}},"26":{"name":"adapterForKeyAndActualAndTwoExpected","line":120,"loc":{"start":{"line":120,"column":4},"end":{"line":120,"column":65}}},"27":{"name":"(anonymous_27)","line":121,"loc":{"start":{"line":121,"column":13},"end":{"line":121,"column":67}}},"28":{"name":"(anonymous_28)","line":128,"loc":{"start":{"line":128,"column":9},"end":{"line":128,"column":41}}},"29":{"name":"(anonymous_29)","line":133,"loc":{"start":{"line":133,"column":15},"end":{"line":133,"column":34}}},"30":{"name":"createFactory","line":141,"loc":{"start":{"line":141,"column":4},"end":{"line":141,"column":36}}},"31":{"name":"(anonymous_31)","line":142,"loc":{"start":{"line":142,"column":13},"end":{"line":142,"column":38}}},"32":{"name":"(anonymous_32)","line":145,"loc":{"start":{"line":145,"column":27},"end":{"line":145,"column":39}}},"33":{"name":"getAdapter","line":152,"loc":{"start":{"line":152,"column":4},"end":{"line":152,"column":35}}},"34":{"name":"(anonymous_34)","line":153,"loc":{"start":{"line":153,"column":13},"end":{"line":153,"column":38}}},"35":{"name":"isMemberMatcher","line":159,"loc":{"start":{"line":159,"column":4},"end":{"line":159,"column":35}}},"36":{"name":"(anonymous_36)","line":165,"loc":{"start":{"line":165,"column":59},"end":{"line":165,"column":91}}},"37":{"name":"forActual","line":172,"loc":{"start":{"line":172,"column":0},"end":{"line":172,"column":34}}},"38":{"name":"(anonymous_38)","line":173,"loc":{"start":{"line":173,"column":9},"end":{"line":173,"column":25}}},"39":{"name":"(anonymous_39)","line":175,"loc":{"start":{"line":175,"column":15},"end":{"line":175,"column":50}}},"40":{"name":"forActualAndExpected","line":190,"loc":{"start":{"line":190,"column":0},"end":{"line":190,"column":45}}},"41":{"name":"(anonymous_41)","line":191,"loc":{"start":{"line":191,"column":9},"end":{"line":191,"column":25}}},"42":{"name":"(anonymous_42)","line":193,"loc":{"start":{"line":193,"column":15},"end":{"line":193,"column":60}}},"43":{"name":"forActualAndTwoExpected","line":208,"loc":{"start":{"line":208,"column":0},"end":{"line":208,"column":48}}},"44":{"name":"(anonymous_44)","line":209,"loc":{"start":{"line":209,"column":9},"end":{"line":209,"column":25}}},"45":{"name":"(anonymous_45)","line":211,"loc":{"start":{"line":211,"column":15},"end":{"line":211,"column":72}}},"46":{"name":"(anonymous_46)","line":226,"loc":{"start":{"line":226,"column":9},"end":{"line":226,"column":41}}},"47":{"name":"forKeyAndActual","line":233,"loc":{"start":{"line":233,"column":0},"end":{"line":233,"column":40}}},"48":{"name":"(anonymous_48)","line":234,"loc":{"start":{"line":234,"column":9},"end":{"line":234,"column":25}}},"49":{"name":"(anonymous_49)","line":236,"loc":{"start":{"line":236,"column":15},"end":{"line":236,"column":55}}},"50":{"name":"forKeyAndActualAndExpected","line":247,"loc":{"start":{"line":247,"column":0},"end":{"line":247,"column":51}}},"51":{"name":"(anonymous_51)","line":248,"loc":{"start":{"line":248,"column":9},"end":{"line":248,"column":25}}},"52":{"name":"(anonymous_52)","line":250,"loc":{"start":{"line":250,"column":15},"end":{"line":250,"column":65}}},"53":{"name":"forKeyAndActualAndTwoExpected","line":265,"loc":{"start":{"line":265,"column":0},"end":{"line":265,"column":54}}},"54":{"name":"(anonymous_54)","line":266,"loc":{"start":{"line":266,"column":9},"end":{"line":266,"column":25}}},"55":{"name":"(anonymous_55)","line":268,"loc":{"start":{"line":268,"column":15},"end":{"line":268,"column":77}}},"56":{"name":"formatErrorMessage","line":283,"loc":{"start":{"line":283,"column":0},"end":{"line":283,"column":48}}},"57":{"name":"(anonymous_57)","line":292,"loc":{"start":{"line":292,"column":9},"end":{"line":292,"column":41}}},"58":{"name":"(anonymous_58)","line":297,"loc":{"start":{"line":297,"column":15},"end":{"line":297,"column":34}}},"59":{"name":"createFactory","line":305,"loc":{"start":{"line":305,"column":4},"end":{"line":305,"column":36}}},"60":{"name":"(anonymous_60)","line":306,"loc":{"start":{"line":306,"column":13},"end":{"line":306,"column":38}}},"61":{"name":"getAdapter","line":314,"loc":{"start":{"line":314,"column":4},"end":{"line":314,"column":35}}},"62":{"name":"(anonymous_62)","line":315,"loc":{"start":{"line":315,"column":13},"end":{"line":315,"column":38}}},"63":{"name":"isMemberMatcher","line":321,"loc":{"start":{"line":321,"column":4},"end":{"line":321,"column":35}}},"64":{"name":"(anonymous_64)","line":327,"loc":{"start":{"line":327,"column":60},"end":{"line":327,"column":92}}},"65":{"name":"adapterForActual","line":334,"loc":{"start":{"line":334,"column":0},"end":{"line":334,"column":41}}},"66":{"name":"(anonymous_66)","line":335,"loc":{"start":{"line":335,"column":9},"end":{"line":335,"column":29}}},"67":{"name":"(anonymous_67)","line":340,"loc":{"start":{"line":340,"column":15},"end":{"line":340,"column":27}}},"68":{"name":"adapterForActualAndExpected","line":348,"loc":{"start":{"line":348,"column":0},"end":{"line":348,"column":52}}},"69":{"name":"(anonymous_69)","line":349,"loc":{"start":{"line":349,"column":9},"end":{"line":349,"column":39}}},"70":{"name":"(anonymous_70)","line":354,"loc":{"start":{"line":354,"column":15},"end":{"line":354,"column":27}}},"71":{"name":"adapterForActualAndTwoExpected","line":362,"loc":{"start":{"line":362,"column":0},"end":{"line":362,"column":55}}},"72":{"name":"(anonymous_72)","line":363,"loc":{"start":{"line":363,"column":9},"end":{"line":363,"column":51}}},"73":{"name":"(anonymous_73)","line":368,"loc":{"start":{"line":368,"column":15},"end":{"line":368,"column":27}}},"74":{"name":"getLongName","line":376,"loc":{"start":{"line":376,"column":0},"end":{"line":376,"column":27}}},"75":{"name":"(anonymous_75)","line":380,"loc":{"start":{"line":380,"column":10},"end":{"line":380,"column":42}}},"76":{"name":"forKeyAndActual","line":387,"loc":{"start":{"line":387,"column":0},"end":{"line":387,"column":40}}},"77":{"name":"(anonymous_77)","line":388,"loc":{"start":{"line":388,"column":9},"end":{"line":388,"column":34}}},"78":{"name":"(anonymous_78)","line":393,"loc":{"start":{"line":393,"column":15},"end":{"line":393,"column":27}}},"79":{"name":"forKeyAndActualAndExpected","line":401,"loc":{"start":{"line":401,"column":0},"end":{"line":401,"column":51}}},"80":{"name":"(anonymous_80)","line":402,"loc":{"start":{"line":402,"column":9},"end":{"line":402,"column":44}}},"81":{"name":"(anonymous_81)","line":407,"loc":{"start":{"line":407,"column":15},"end":{"line":407,"column":27}}},"82":{"name":"forKeyAndActualAndTwoExpected","line":415,"loc":{"start":{"line":415,"column":0},"end":{"line":415,"column":54}}},"83":{"name":"(anonymous_83)","line":416,"loc":{"start":{"line":416,"column":9},"end":{"line":416,"column":56}}},"84":{"name":"(anonymous_84)","line":421,"loc":{"start":{"line":421,"column":15},"end":{"line":421,"column":27}}},"85":{"name":"getLongName","line":429,"loc":{"start":{"line":429,"column":0},"end":{"line":429,"column":27}}},"86":{"name":"(anonymous_86)","line":433,"loc":{"start":{"line":433,"column":10},"end":{"line":433,"column":42}}},"87":{"name":"(anonymous_87)","line":559,"loc":{"start":{"line":559,"column":1838},"end":{"line":559,"column":1870}}},"88":{"name":"(anonymous_88)","line":563,"loc":{"start":{"line":563,"column":17},"end":{"line":563,"column":45}}},"89":{"name":"(anonymous_89)","line":572,"loc":{"start":{"line":572,"column":10},"end":{"line":572,"column":42}}},"90":{"name":"is","line":588,"loc":{"start":{"line":588,"column":0},"end":{"line":588,"column":18}}},"91":{"name":"(anonymous_91)","line":589,"loc":{"start":{"line":589,"column":9},"end":{"line":589,"column":26}}},"92":{"name":"isBooleanObject","line":594,"loc":{"start":{"line":594,"column":0},"end":{"line":594,"column":38}}},"93":{"name":"(anonymous_93)","line":595,"loc":{"start":{"line":595,"column":9},"end":{"line":595,"column":26}}},"94":{"name":"(anonymous_94)","line":600,"loc":{"start":{"line":600,"column":10},"end":{"line":600,"column":42}}},"95":{"name":"(anonymous_95)","line":607,"loc":{"start":{"line":607,"column":17},"end":{"line":607,"column":35}}},"96":{"name":"(anonymous_96)","line":608,"loc":{"start":{"line":608,"column":24},"end":{"line":608,"column":52}}},"97":{"name":"(anonymous_97)","line":613,"loc":{"start":{"line":613,"column":23},"end":{"line":613,"column":55}}},"98":{"name":"(anonymous_98)","line":620,"loc":{"start":{"line":620,"column":17},"end":{"line":620,"column":34}}},"99":{"name":"(anonymous_99)","line":621,"loc":{"start":{"line":621,"column":9},"end":{"line":621,"column":32}}},"100":{"name":"(anonymous_100)","line":626,"loc":{"start":{"line":626,"column":19},"end":{"line":626,"column":51}}},"101":{"name":"(anonymous_101)","line":633,"loc":{"start":{"line":633,"column":17},"end":{"line":633,"column":49}}},"102":{"name":"(anonymous_102)","line":648,"loc":{"start":{"line":648,"column":19},"end":{"line":648,"column":51}}},"103":{"name":"(anonymous_103)","line":655,"loc":{"start":{"line":655,"column":17},"end":{"line":655,"column":46}}},"104":{"name":"(anonymous_104)","line":659,"loc":{"start":{"line":659,"column":27},"end":{"line":659,"column":59}}},"105":{"name":"(anonymous_105)","line":668,"loc":{"start":{"line":668,"column":23},"end":{"line":668,"column":55}}},"106":{"name":"(anonymous_106)","line":677,"loc":{"start":{"line":677,"column":17},"end":{"line":677,"column":35}}},"107":{"name":"(anonymous_107)","line":681,"loc":{"start":{"line":681,"column":62},"end":{"line":681,"column":94}}},"108":{"name":"(anonymous_108)","line":690,"loc":{"start":{"line":690,"column":17},"end":{"line":690,"column":35}}},"109":{"name":"(anonymous_109)","line":694,"loc":{"start":{"line":694,"column":61},"end":{"line":694,"column":93}}},"110":{"name":"(anonymous_110)","line":703,"loc":{"start":{"line":703,"column":17},"end":{"line":703,"column":35}}},"111":{"name":"(anonymous_111)","line":707,"loc":{"start":{"line":707,"column":61},"end":{"line":707,"column":93}}},"112":{"name":"(anonymous_112)","line":714,"loc":{"start":{"line":714,"column":17},"end":{"line":714,"column":41}}},"113":{"name":"(anonymous_113)","line":718,"loc":{"start":{"line":718,"column":26},"end":{"line":718,"column":58}}},"114":{"name":"(anonymous_114)","line":727,"loc":{"start":{"line":727,"column":17},"end":{"line":727,"column":35}}},"115":{"name":"(anonymous_115)","line":731,"loc":{"start":{"line":731,"column":61},"end":{"line":731,"column":93}}},"116":{"name":"(anonymous_116)","line":738,"loc":{"start":{"line":738,"column":17},"end":{"line":738,"column":46}}},"117":{"name":"(anonymous_117)","line":742,"loc":{"start":{"line":742,"column":25},"end":{"line":742,"column":57}}},"118":{"name":"(anonymous_118)","line":751,"loc":{"start":{"line":751,"column":23},"end":{"line":751,"column":55}}},"119":{"name":"toBeCalculable","line":759,"loc":{"start":{"line":759,"column":0},"end":{"line":759,"column":32}}},"120":{"name":"(anonymous_120)","line":763,"loc":{"start":{"line":763,"column":10},"end":{"line":763,"column":42}}},"121":{"name":"(anonymous_121)","line":772,"loc":{"start":{"line":772,"column":23},"end":{"line":772,"column":55}}},"122":{"name":"(anonymous_122)","line":779,"loc":{"start":{"line":779,"column":17},"end":{"line":779,"column":35}}},"123":{"name":"(anonymous_123)","line":783,"loc":{"start":{"line":783,"column":32},"end":{"line":783,"column":64}}},"124":{"name":"(anonymous_124)","line":791,"loc":{"start":{"line":791,"column":17},"end":{"line":791,"column":35}}},"125":{"name":"(anonymous_125)","line":795,"loc":{"start":{"line":795,"column":39},"end":{"line":795,"column":71}}},"126":{"name":"(anonymous_126)","line":799,"loc":{"start":{"line":799,"column":17},"end":{"line":799,"column":35}}},"127":{"name":"(anonymous_127)","line":803,"loc":{"start":{"line":803,"column":10},"end":{"line":803,"column":42}}},"128":{"name":"(anonymous_128)","line":810,"loc":{"start":{"line":810,"column":17},"end":{"line":810,"column":35}}},"129":{"name":"(anonymous_129)","line":814,"loc":{"start":{"line":814,"column":27},"end":{"line":814,"column":59}}},"130":{"name":"(anonymous_130)","line":821,"loc":{"start":{"line":821,"column":17},"end":{"line":821,"column":35}}},"131":{"name":"(anonymous_131)","line":825,"loc":{"start":{"line":825,"column":23},"end":{"line":825,"column":55}}},"132":{"name":"(anonymous_132)","line":834,"loc":{"start":{"line":834,"column":23},"end":{"line":834,"column":55}}},"133":{"name":"(anonymous_133)","line":841,"loc":{"start":{"line":841,"column":17},"end":{"line":841,"column":48}}},"134":{"name":"(anonymous_134)","line":845,"loc":{"start":{"line":845,"column":27},"end":{"line":845,"column":59}}},"135":{"name":"(anonymous_135)","line":862,"loc":{"start":{"line":862,"column":17},"end":{"line":862,"column":35}}},"136":{"name":"(anonymous_136)","line":866,"loc":{"start":{"line":866,"column":27},"end":{"line":866,"column":59}}},"137":{"name":"(anonymous_137)","line":874,"loc":{"start":{"line":874,"column":17},"end":{"line":874,"column":35}}},"138":{"name":"isMatch","line":879,"loc":{"start":{"line":879,"column":0},"end":{"line":879,"column":34}}},"139":{"name":"(anonymous_139)","line":890,"loc":{"start":{"line":890,"column":48},"end":{"line":890,"column":80}}},"140":{"name":"(anonymous_140)","line":894,"loc":{"start":{"line":894,"column":17},"end":{"line":894,"column":35}}},"141":{"name":"(anonymous_141)","line":902,"loc":{"start":{"line":902,"column":10},"end":{"line":902,"column":42}}},"142":{"name":"(anonymous_142)","line":909,"loc":{"start":{"line":909,"column":17},"end":{"line":909,"column":48}}},"143":{"name":"(anonymous_143)","line":913,"loc":{"start":{"line":913,"column":27},"end":{"line":913,"column":59}}},"144":{"name":"(anonymous_144)","line":920,"loc":{"start":{"line":920,"column":17},"end":{"line":920,"column":48}}},"145":{"name":"(anonymous_145)","line":924,"loc":{"start":{"line":924,"column":27},"end":{"line":924,"column":59}}},"146":{"name":"(anonymous_146)","line":931,"loc":{"start":{"line":931,"column":17},"end":{"line":931,"column":52}}},"147":{"name":"(anonymous_147)","line":935,"loc":{"start":{"line":935,"column":27},"end":{"line":935,"column":59}}},"148":{"name":"(anonymous_148)","line":942,"loc":{"start":{"line":942,"column":17},"end":{"line":942,"column":35}}},"149":{"name":"(anonymous_149)","line":946,"loc":{"start":{"line":946,"column":23},"end":{"line":946,"column":55}}},"150":{"name":"(anonymous_150)","line":954,"loc":{"start":{"line":954,"column":17},"end":{"line":954,"column":35}}},"151":{"name":"(anonymous_151)","line":958,"loc":{"start":{"line":958,"column":39},"end":{"line":958,"column":71}}},"152":{"name":"(anonymous_152)","line":965,"loc":{"start":{"line":965,"column":17},"end":{"line":965,"column":35}}},"153":{"name":"(anonymous_153)","line":969,"loc":{"start":{"line":969,"column":27},"end":{"line":969,"column":59}}},"154":{"name":"(anonymous_154)","line":976,"loc":{"start":{"line":976,"column":17},"end":{"line":976,"column":35}}},"155":{"name":"(anonymous_155)","line":980,"loc":{"start":{"line":980,"column":23},"end":{"line":980,"column":55}}},"156":{"name":"(anonymous_156)","line":989,"loc":{"start":{"line":989,"column":23},"end":{"line":989,"column":55}}},"157":{"name":"(anonymous_157)","line":996,"loc":{"start":{"line":996,"column":17},"end":{"line":996,"column":35}}},"158":{"name":"(anonymous_158)","line":1000,"loc":{"start":{"line":1000,"column":27},"end":{"line":1000,"column":59}}},"159":{"name":"(anonymous_159)","line":1004,"loc":{"start":{"line":1004,"column":17},"end":{"line":1004,"column":35}}},"160":{"name":"(anonymous_160)","line":1008,"loc":{"start":{"line":1008,"column":10},"end":{"line":1008,"column":42}}},"161":{"name":"(anonymous_161)","line":1015,"loc":{"start":{"line":1015,"column":17},"end":{"line":1015,"column":48}}},"162":{"name":"(anonymous_162)","line":1019,"loc":{"start":{"line":1019,"column":27},"end":{"line":1019,"column":59}}},"163":{"name":"(anonymous_163)","line":1026,"loc":{"start":{"line":1026,"column":17},"end":{"line":1026,"column":48}}},"164":{"name":"(anonymous_164)","line":1030,"loc":{"start":{"line":1030,"column":27},"end":{"line":1030,"column":59}}},"165":{"name":"(anonymous_165)","line":1039,"loc":{"start":{"line":1039,"column":23},"end":{"line":1039,"column":55}}},"166":{"name":"(anonymous_166)","line":1046,"loc":{"start":{"line":1046,"column":17},"end":{"line":1046,"column":35}}},"167":{"name":"(anonymous_167)","line":1050,"loc":{"start":{"line":1050,"column":23},"end":{"line":1050,"column":55}}},"168":{"name":"(anonymous_168)","line":1057,"loc":{"start":{"line":1057,"column":17},"end":{"line":1057,"column":35}}},"169":{"name":"(anonymous_169)","line":1061,"loc":{"start":{"line":1061,"column":23},"end":{"line":1061,"column":55}}},"170":{"name":"(anonymous_170)","line":1068,"loc":{"start":{"line":1068,"column":17},"end":{"line":1068,"column":35}}},"171":{"name":"(anonymous_171)","line":1072,"loc":{"start":{"line":1072,"column":27},"end":{"line":1072,"column":59}}},"172":{"name":"(anonymous_172)","line":1079,"loc":{"start":{"line":1079,"column":17},"end":{"line":1079,"column":35}}},"173":{"name":"(anonymous_173)","line":1083,"loc":{"start":{"line":1083,"column":27},"end":{"line":1083,"column":59}}},"174":{"name":"(anonymous_174)","line":1090,"loc":{"start":{"line":1090,"column":17},"end":{"line":1090,"column":51}}},"175":{"name":"(anonymous_175)","line":1094,"loc":{"start":{"line":1094,"column":27},"end":{"line":1094,"column":59}}},"176":{"name":"(anonymous_176)","line":1101,"loc":{"start":{"line":1101,"column":17},"end":{"line":1101,"column":46}}},"177":{"name":"(anonymous_177)","line":1105,"loc":{"start":{"line":1105,"column":35},"end":{"line":1105,"column":67}}},"178":{"name":"(anonymous_178)","line":1115,"loc":{"start":{"line":1115,"column":54},"end":{"line":1115,"column":86}}},"179":{"name":"(anonymous_179)","line":1125,"loc":{"start":{"line":1125,"column":64},"end":{"line":1125,"column":96}}},"180":{"name":"(anonymous_180)","line":1135,"loc":{"start":{"line":1135,"column":63},"end":{"line":1135,"column":95}}},"181":{"name":"(anonymous_181)","line":1145,"loc":{"start":{"line":1145,"column":63},"end":{"line":1145,"column":95}}},"182":{"name":"(anonymous_182)","line":1153,"loc":{"start":{"line":1153,"column":17},"end":{"line":1153,"column":46}}},"183":{"name":"(anonymous_183)","line":1157,"loc":{"start":{"line":1157,"column":50},"end":{"line":1157,"column":82}}},"184":{"name":"(anonymous_184)","line":1167,"loc":{"start":{"line":1167,"column":63},"end":{"line":1167,"column":95}}},"185":{"name":"(anonymous_185)","line":1177,"loc":{"start":{"line":1177,"column":56},"end":{"line":1177,"column":88}}},"186":{"name":"(anonymous_186)","line":1187,"loc":{"start":{"line":1187,"column":59},"end":{"line":1187,"column":91}}},"187":{"name":"(anonymous_187)","line":1197,"loc":{"start":{"line":1197,"column":53},"end":{"line":1197,"column":85}}},"188":{"name":"(anonymous_188)","line":1205,"loc":{"start":{"line":1205,"column":17},"end":{"line":1205,"column":46}}},"189":{"name":"(anonymous_189)","line":1209,"loc":{"start":{"line":1209,"column":44},"end":{"line":1209,"column":76}}},"190":{"name":"(anonymous_190)","line":1217,"loc":{"start":{"line":1217,"column":17},"end":{"line":1217,"column":46}}},"191":{"name":"(anonymous_191)","line":1221,"loc":{"start":{"line":1221,"column":45},"end":{"line":1221,"column":77}}},"192":{"name":"(anonymous_192)","line":1231,"loc":{"start":{"line":1231,"column":59},"end":{"line":1231,"column":91}}},"193":{"name":"(anonymous_193)","line":1241,"loc":{"start":{"line":1241,"column":60},"end":{"line":1241,"column":92}}},"194":{"name":"(anonymous_194)","line":1251,"loc":{"start":{"line":1251,"column":60},"end":{"line":1251,"column":92}}},"195":{"name":"(anonymous_195)","line":1261,"loc":{"start":{"line":1261,"column":59},"end":{"line":1261,"column":91}}},"196":{"name":"(anonymous_196)","line":1271,"loc":{"start":{"line":1271,"column":54},"end":{"line":1271,"column":86}}},"197":{"name":"(anonymous_197)","line":1281,"loc":{"start":{"line":1281,"column":59},"end":{"line":1281,"column":91}}},"198":{"name":"(anonymous_198)","line":1291,"loc":{"start":{"line":1291,"column":56},"end
[...]
ravis/build/npmtest/node-npmtest-jasmine-expect/node_modules/jasmine-expect/src/toHaveFalse.js":{"path":"/home/travis/build/npmtest/node-npmtest-jasmine-expect/node_modules/jasmine-expect/src/toHaveFalse.js","s":{"1":1,"2":1,"3":1},"b":{},"f":{},"fnMap":{},"statementMap":{"1":{"start":{"line":2,"column":0},"end":{"line":2,"column":59}},"2":{"start":{"line":3,"column":0},"end":{"line":3,"column":41}},"3":{"start":{"line":6,"column":0},"end":{"line":6,"column":45}}},"branchMap":{},"code":["// modules","const memberMatcherFor = require('./lib/memberMatcherFor');","const toBeFalse = require('./toBeFalse');","","// public","module.exports = memberMatcherFor(toBeFalse);",""],"l":{"2":1,"3":1,"6":1}},"/home/travis/build/npmtest/node-npmtest-jasmine-expect/node_modules/jasmine-expect/src/toHaveHtmlString.js":{"path":"/home/travis/build/npmtest/node-npmtest-jasmine-expect/node_modules/jasmine-expect/src/toHaveHtmlString.js","s":{"1":1,"2":1,"3":1},"b":{},"f":{},"fnMap":{},"statementMap":{"1":{"start":{"line":2,"column":0},"end":{"line":2,"column":59}},"2":{"start":{"line":3,"column":0},"end":{"line":3,"column":51}},"3":{"start":{"line":6,"column":0},"end":{"line":6,"column":50}}},"branchMap":{},"code":["// modules","const memberMatcherFor = require('./lib/memberMatcherFor');","const toBeHtmlString = require('./toBeHtmlString');","","// public","module.exports = memberMatcherFor(toBeHtmlString);",""],"l":{"2":1,"3":1,"6":1}},"/home/travis/build/npmtest/node-npmtest-jasmine-expect/node_modules/jasmine-expect/src/toHaveIso8601.js":{"path":"/home/travis/build/npmtest/node-npmtest-jasmine-expect/node_modules/jasmine-expect/src/toHaveIso8601.js","s":{"1":1,"2":1,"3":1},"b":{},"f":{},"fnMap":{},"statementMap":{"1":{"start":{"line":2,"column":0},"end":{"line":2,"column":59}},"2":{"start":{"line":3,"column":0},"end":{"line":3,"column":45}},"3":{"start":{"line":6,"column":0},"end":{"line":6,"column":47}}},"branchMap":{},"code":["// modules","const memberMatcherFor = require('./lib/memberMatcherFor');","const toBeIso8601 = require('./toBeIso8601');","","// public","module.exports = memberMatcherFor(toBeIso8601);",""],"l":{"2":1,"3":1,"6":1}},"/home/travis/build/npmtest/node-npmtest-jasmine-expect/node_modules/jasmine-expect/src/toHaveJsonString.js":{"path":"/home/travis/build/npmtest/node-npmtest-jasmine-expect/node_modules/jasmine-expect/src/toHaveJsonString.js","s":{"1":1,"2":1,"3":1},"b":{},"f":{},"fnMap":{},"statementMap":{"1":{"start":{"line":2,"column":0},"end":{"line":2,"column":59}},"2":{"start":{"line":3,"column":0},"end":{"line":3,"column":51}},"3":{"start":{"line":6,"column":0},"end":{"line":6,"column":50}}},"branchMap":{},"code":["// modules","const memberMatcherFor = require('./lib/memberMatcherFor');","const toBeJsonString = require('./toBeJsonString');","","// public","module.exports = memberMatcherFor(toBeJsonString);",""],"l":{"2":1,"3":1,"6":1}},"/home/travis/build/npmtest/node-npmtest-jasmine-expect/node_modules/jasmine-expect/src/toHaveMember.js":{"path":"/home/travis/build/npmtest/node-npmtest-jasmine-expect/node_modules/jasmine-expect/src/toHaveMember.js","s":{"1":1,"2":1,"3":1,"4":0},"b":{"1":[0,0,0]},"f":{},"fnMap":{},"statementMap":{"1":{"start":{"line":2,"column":0},"end":{"line":2,"column":43}},"2":{"start":{"line":3,"column":0},"end":{"line":3,"column":43}},"3":{"start":{"line":6,"column":0},"end":{"line":6,"column":89}},"4":{"start":{"line":6,"column":34},"end":{"line":6,"column":88}}},"branchMap":{"1":{"line":6,"type":"binary-expr","locations":[{"start":{"line":6,"column":34},"end":{"line":6,"column":49}},{"start":{"line":6,"column":53},"end":{"line":6,"column":71}},{"start":{"line":6,"column":75},"end":{"line":6,"column":88}}]}},"code":["// modules","const toBeObject = require('./toBeObject');","const toBeString = require('./toBeString');","","// public","module.exports = (key, actual) => toBeString(key) && toBeObject(actual) && key in actual;",""],"l":{"2":1,"3":1,"6":1}},"/home/travis/build/npmtest/node-npmtest-jasmine-expect/node_modules/jasmine-expect/src/toHaveMethod.js":{"path":"/home/travis/build/npmtest/node-npmtest-jasmine-expect/node_modules/jasmine-expect/src/toHaveMethod.js","s":{"1":1,"2":1,"3":1},"b":{},"f":{},"fnMap":{},"statementMap":{"1":{"start":{"line":2,"column":0},"end":{"line":2,"column":59}},"2":{"start":{"line":3,"column":0},"end":{"line":3,"column":47}},"3":{"start":{"line":6,"column":0},"end":{"line":6,"column":48}}},"branchMap":{},"code":["// modules","const memberMatcherFor = require('./lib/memberMatcherFor');","const toBeFunction = require('./toBeFunction');","","// public","module.exports = memberMatcherFor(toBeFunction);",""],"l":{"2":1,"3":1,"6":1}},"/home/travis/build/npmtest/node-npmtest-jasmine-expect/node_modules/jasmine-expect/src/toHaveNonEmptyArray.js":{"path":"/home/travis/build/npmtest/node-npmtest-jasmine-expect/node_modules/jasmine-expect/src/toHaveNonEmptyArray.js","s":{"1":1,"2":1,"3":1},"b":{},"f":{},"fnMap":{},"statementMap":{"1":{"start":{"line":2,"column":0},"end":{"line":2,"column":59}},"2":{"start":{"line":3,"column":0},"end":{"line":3,"column":57}},"3":{"start":{"line":6,"column":0},"end":{"line":6,"column":53}}},"branchMap":{},"code":["// modules","const memberMatcherFor = require('./lib/memberMatcherFor');","const toBeNonEmptyArray = require('./toBeNonEmptyArray');","","// public","module.exports = memberMatcherFor(toBeNonEmptyArray);",""],"l":{"2":1,"3":1,"6":1}},"/home/travis/build/npmtest/node-npmtest-jasmine-expect/node_modules/jasmine-expect/src/toHaveNonEmptyObject.js":{"path":"/home/travis/build/npmtest/node-npmtest-jasmine-expect/node_modules/jasmine-expect/src/toHaveNonEmptyObject.js","s":{"1":1,"2":1,"3":1},"b":{},"f":{},"fnMap":{},"statementMap":{"1":{"start":{"line":2,"column":0},"end":{"line":2,"column":59}},"2":{"start":{"line":3,"column":0},"end":{"line":3,"column":59}},"3":{"start":{"line":6,"column":0},"end":{"line":6,"column":54}}},"branchMap":{},"code":["// modules","const memberMatcherFor = require('./lib/memberMatcherFor');","const toBeNonEmptyObject = require('./toBeNonEmptyObject');","","// public","module.exports = memberMatcherFor(toBeNonEmptyObject);",""],"l":{"2":1,"3":1,"6":1}},"/home/travis/build/npmtest/node-npmtest-jasmine-expect/node_modules/jasmine-expect/src/toHaveNonEmptyString.js":{"path":"/home/travis/build/npmtest/node-npmtest-jasmine-expect/node_modules/jasmine-expect/src/toHaveNonEmptyString.js","s":{"1":1,"2":1,"3":1},"b":{},"f":{},"fnMap":{},"statementMap":{"1":{"start":{"line":2,"column":0},"end":{"line":2,"column":59}},"2":{"start":{"line":3,"column":0},"end":{"line":3,"column":59}},"3":{"start":{"line":6,"column":0},"end":{"line":6,"column":54}}},"branchMap":{},"code":["// modules","const memberMatcherFor = require('./lib/memberMatcherFor');","const toBeNonEmptyString = require('./toBeNonEmptyString');","","// public","module.exports = memberMatcherFor(toBeNonEmptyString);",""],"l":{"2":1,"3":1,"6":1}},"/home/travis/build/npmtest/node-npmtest-jasmine-expect/node_modules/jasmine-expect/src/toHaveNumber.js":{"path":"/home/travis/build/npmtest/node-npmtest-jasmine-expect/node_modules/jasmine-expect/src/toHaveNumber.js","s":{"1":1,"2":1,"3":1},"b":{},"f":{},"fnMap":{},"statementMap":{"1":{"start":{"line":2,"column":0},"end":{"line":2,"column":59}},"2":{"start":{"line":3,"column":0},"end":{"line":3,"column":43}},"3":{"start":{"line":6,"column":0},"end":{"line":6,"column":46}}},"branchMap":{},"code":["// modules","const memberMatcherFor = require('./lib/memberMatcherFor');","const toBeNumber = require('./toBeNumber');","","// public","module.exports = memberMatcherFor(toBeNumber);",""],"l":{"2":1,"3":1,"6":1}},"/home/travis/build/npmtest/node-npmtest-jasmine-expect/node_modules/jasmine-expect/src/toHaveNumberWithinRange.js":{"path":"/home/travis/build/npmtest/node-npmtest-jasmine-expect/node_modules/jasmine-expect/src/toHaveNumberWithinRange.js","s":{"1":1,"2":1,"3":1,"4":0},"b":{"1":[0,0]},"f":{},"fnMap":{},"statementMap":{"1":{"start":{"line":2,"column":0},"end":{"line":2,"column":43}},"2":{"start":{"line":3,"column":0},"end":{"line":3,"column":53}},"3":{"start":{"line":6,"column":0},"end":{"line":6,"column":117}},"4":{"start":{"line":6,"column":50},"end":{"line":6,"column":116}}},"branchMap":{"1":{"line":6,"type":"binary-expr","locations":[{"start":{"line":6,"column":50},"end":{"line":6,"column":68}},{"start":{"line":6,"column":72},"end":{"line":6,"column":116}}]}},"code":["// modules","const toBeObject = require('./toBeObject');","const toBeWithinRange = require('./toBeWithinRange');","","// public","module.exports = (key, floor, ceiling, actual) => toBeObject(actual) && toBeWithinRange(floor, ceiling, actual[key]);",""],"l":{"2":1,"3":1,"6":1}},"/home/travis/build/npmtest/node-npmtest-jasmine-expect/node_modules/jasmine-expect/src/toHaveObject.js":{"path":"/home/travis/build/npmtest/node-npmtest-jasmine-expect/node_modules/jasmine-expect/src/toHaveObject.js","s":{"1":1,"2":1,"3":1},"b":{},"f":{},"fnMap":{},"statementMap":{"1":{"start":{"line":2,"column":0},"end":{"line":2,"column":59}},"2":{"start":{"line":3,"column":0},"end":{"line":3,"column":43}},"3":{"start":{"line":6,"column":0},"end":{"line":6,"column":46}}},"branchMap":{},"code":["// modules","const memberMatcherFor = require('./lib/memberMatcherFor');","const toBeObject = require('./toBeObject');","","// public","module.exports = memberMatcherFor(toBeObject);",""],"l":{"2":1,"3":1,"6":1}},"/home/travis/build/npmtest/node-npmtest-jasmine-expect/node_modules/jasmine-expect/src/toHaveOddNumber.js":{"path":"/home/travis/build/npmtest/node-npmtest-jasmine-expect/node_modules/jasmine-expect/src/toHaveOddNumber.js","s":{"1":1,"2":1,"3":1},"b":{},"f":{},"fnMap":{},"statementMap":{"1":{"start":{"line":2,"column":0},"end":{"line":2,"column":59}},"2":{"start":{"line":3,"column":0},"end":{"line":3,"column":49}},"3":{"start":{"line":6,"column":0},"end":{"line":6,"column":49}}},"branchMap":{},"code":["// modules","const memberMatcherFor = require('./lib/memberMatcherFor');","const toBeOddNumber = require('./toBeOddNumber');","","// public","module.exports = memberMatcherFor(toBeOddNumber);",""],"l":{"2":1,"3":1,"6":1}},"/home/travis/build/npmtest/node-npmtest-jasmine-expect/node_modules/jasmine-expect/src/toHaveString.js":{"path":"/home/travis/build/npmtest/node-npmtest-jasmine-expect/node_modules/jasmine-expect/src/toHaveString.js","s":{"1":1,"2":1,"3":1},"b":{},"f":{},"fnMap":{},"statementMap":{"1":{"start":{"line":2,"column":0},"end":{"line":2,"column":59}},"2":{"start":{"line":3,"column":0},"end":{"line":3,"column":43}},"3":{"start":{"line":6,"column":0},"end":{"line":6,"column":46}}},"branchMap":{},"code":["// modules","const memberMatcherFor = require('./lib/memberMatcherFor');","const toBeString = require('./toBeString');","","// public","module.exports = memberMatcherFor(toBeString);",""],"l":{"2":1,"3":1,"6":1}},"/home/travis/build/npmtest/node-npmtest-jasmine-expect/node_modules/jasmine-expect/src/toHaveStringLongerThan.js":{"path":"/home/travis/build/npmtest/node-npmtest-jasmine-expect/node_modules/jasmine-expect/src/toHaveStringLongerThan.js","s":{"1":1,"2":1,"3":1,"4":0},"b":{"1":[0,0]},"f":{},"fnMap":{},"statementMap":{"1":{"start":{"line":2,"column":0},"end":{"line":2,"column":43}},"2":{"start":{"line":3,"column":0},"end":{"line":3,"column":51}},"3":{"start":{"line":6,"column":0},"end":{"line":6,"column":98}},"4":{"start":{"line":6,"column":41},"end":{"line":6,"column":97}}},"branchMap":{"1":{"line":6,"type":"binary-expr","locations":[{"start":{"line":6,"column":41},"end":{"line":6,"column":59}},{"start":{"line":6,"column":63},"end":{"line":6,"column":97}}]}},"code":["// modules","const toBeObject = require('./toBeObject');","const toBeLongerThan = require('./toBeLongerThan');","","// public","module.exports = (key, other, actual) => toBeObject(actual) && toBeLongerThan(other, actual[key]);",""],"l":{"2":1,"3":1,"6":1}},"/home/travis/build/npmtest/node-npmtest-jasmine-expect/node_modules/jasmine-expect/src/toHaveStringSameLengthAs.js":{"path":"/home/travis/build/npmtest/node-npmtest-jasmine-expect/node_modules/jasmine-expect/src/toHaveStringSameLengthAs.js","s":{"1":1,"2":1,"3":1,"4":0},"b":{"1":[0,0]},"f":{},"fnMap":{},"statementMap":{"1":{"start":{"line":2,"column":0},"end":{"line":2,"column":43}},"2":{"start":{"line":3,"column":0},"end":{"line":3,"column":55}},"3":{"start":{"line":6,"column":0},"end":{"line":6,"column":100}},"4":{"start":{"line":6,"column":41},"end":{"line":6,"column":99}}},"branchMap":{"1":{"line":6,"type":"binary-expr","locations":[{"start":{"line":6,"column":41},"end":{"line":6,"column":59}},{"start":{"line":6,"column":63},"end":{"line":6,"column":99}}]}},"code":["// modules","const toBeObject = require('./toBeObject');","const toBeSameLengthAs = require('./toBeSameLengthAs');","","// public","module.exports = (key, other, actual) => toBeObject(actual) && toBeSameLengthAs(other, actual[key]);",""],"l":{"2":1,"3":1,"6":1}},"/home/travis/build/npmtest/node-npmtest-jasmine-expect/node_modules/jasmine-expect/src/toHaveStringShorterThan.js":{"path":"/home/travis/build/npmtest/node-npmtest-jasmine-expect/node_modules/jasmine-expect/src/toHaveStringShorterThan.js","s":{"1":1,"2":1,"3":1,"4":0},"b":{"1":[0,0]},"f":{},"fnMap":{},"statementMap":{"1":{"start":{"line":2,"column":0},"end":{"line":2,"column":43}},"2":{"start":{"line":3,"column":0},"end":{"line":3,"column":53}},"3":{"start":{"line":6,"column":0},"end":{"line":6,"column":99}},"4":{"start":{"line":6,"column":41},"end":{"line":6,"column":98}}},"branchMap":{"1":{"line":6,"type":"binary-expr","locations":[{"start":{"line":6,"column":41},"end":{"line":6,"column":59}},{"start":{"line":6,"column":63},"end":{"line":6,"column":98}}]}},"code":["// modules","const toBeObject = require('./toBeObject');","const toBeShorterThan = require('./toBeShorterThan');","","// public","module.exports = (key, other, actual) => toBeObject(actual) && toBeShorterThan(other, actual[key]);",""],"l":{"2":1,"3":1,"6":1}},"/home/travis/build/npmtest/node-npmtest-jasmine-expect/node_modules/jasmine-expect/src/toHaveTrue.js":{"path":"/home/travis/build/npmtest/node-npmtest-jasmine-expect/node_modules/jasmine-expect/src/toHaveTrue.js","s":{"1":1,"2":1,"3":1},"b":{},"f":{},"fnMap":{},"statementMap":{"1":{"start":{"line":2,"column":0},"end":{"line":2,"column":59}},"2":{"start":{"line":3,"column":0},"end":{"line":3,"column":39}},"3":{"start":{"line":6,"column":0},"end":{"line":6,"column":44}}},"branchMap":{},"code":["// modules","const memberMatcherFor = require('./lib/memberMatcherFor');","const toBeTrue = require('./toBeTrue');","","// public","module.exports = memberMatcherFor(toBeTrue);",""],"l":{"2":1,"3":1,"6":1}},"/home/travis/build/npmtest/node-npmtest-jasmine-expect/node_modules/jasmine-expect/src/toHaveUndefined.js":{"path":"/home/travis/build/npmtest/node-npmtest-jasmine-expect/node_modules/jasmine-expect/src/toHaveUndefined.js","s":{"1":1,"2":1,"3":1,"4":0},"b":{"1":[0,0,0]},"f":{},"fnMap":{},"statementMap":{"1":{"start":{"line":2,"column":0},"end":{"line":2,"column":43}},"2":{"start":{"line":3,"column":0},"end":{"line":3,"column":47}},"3":{"start":{"line":6,"column":0},"end":{"line":6,"column":120}},"4":{"start":{"line":6,"column":34},"end":{"line":6,"column":119}}},"branchMap":{"1":{"line":6,"type":"binary-expr","locations":[{"start":{"line":6,"column":34},"end":{"line":6,"column":52}},{"start":{"line":6,"column":56},"end":{"line":6,"column":81}},{"start":{"line":6,"column":85},"end":{"line":6,"column":119}}]}},"code":["// modules","const toBeObject = require('./toBeObject');","const toHaveMember = require('./toHaveMember');","","// public","module.exports = (key, actual) => toBeObject(actual) && toHaveMember(key, actual) && typeof actual[key] === 'undefined';",""],"l":{"2":1,"3":1,"6":1}},"/home/travis/build/npmtest/node-npmtest-jasmine-expect/node_modules/jasmine-expect/src/toHaveWhitespaceString.js":{"path":"/home/travis/build/npmtest/node-npmtest-jasmine-expect/node_modules/jasmine-expect/src/toHaveWhitespaceString.js","s":{"1":1,"2":1,"3":1},"b":{},"f":{},"fnMap":{},"statementMap":{"1":{"start":{"line":2,"column":0},"end":{"line":2,"column":59}},"2":{"start":{"line":3,"column":0},"end":{"line":3,"column":51}},"3":{"start":{"line":6,"column":0},"end":{"line":6,"column":50}}},"branchMap":{},"code":["// modules","const memberMatcherFor = require('./lib/memberMatcherFor');","const toBeWhitespace = require('./toBeWhitespace');","","// public","module.exports = memberMatcherFor(toBeWhitespace);",""],"l":{"2":1,"3":1,"6":1}},"/home/travis/build/npmtest/node-npmtest-jasmine-expect/node_modules/jasmine-expect/src/toHaveWholeNumber.js":{"path":"/home/travis/build/npmtest/node-npmtest-jasmine-expect/node_modules/jasmine-expect/src/toHaveWholeNumber.js","s":{"1":1,"2":1,"3":1},"b":{},"f":{},"fnMap":{},"statementMap":{"1":{"start":{"line":2,"column":0},"end":{"line":2,"column":59}},"2":{"start":{"line":3,"column":0},"end":{"line":3,"column":53}},"3":{"start":{"line":6,"column":0},"end":{"line":6,"column":51}}},"branchMap":{},"code":["// modules","const memberMatcherFor = require('./lib/memberMatcherFor');","const toBeWholeNumber = require('./toBeWholeNumber');","","// public","module.exports = memberMatcherFor(toBeWholeNumber);",""],"l":{"2":1,"3":1,"6":1}},"/home/travis/build/npmtest/node-npmtest-jasmine-expect/node_modules/jasmine-expect/src/toStartWith.js":{"path":"/home/travis/build/npmtest/node-npmtest-jasmine-expect/node_modules/jasmine-expect/src/toStartWith.js","s":{"1":1,"2":1,"3":0},"b":{"1":[0,0,0]},"f":{},"fnMap":{},"statementMap":{"1":{"start":{"line":2,"column":0},"end":{"line":2,"column":59}},"2":{"start":{"line":5,"column":0},"end":{"line":5,"column":151}},"3":{"start":{"line":5,"column":40},"end":{"line":5,"column":150}}},"branchMap":{"1":{"line":5,"type":"binary-expr","locations":[{"start":{"line":5,"column":40},"end":{"line":5,"column":66}},{"start":{"line":5,"column":70},"end":{"line":5,"column":99}},{"start":{"line":5,"column":103},"end":{"line":5,"column":150}}]}},"code":["// modules","const toBeNonEmptyString = require('./toBeNonEmptyString');","","// public","module.exports = (subString, actual) => toBeNonEmptyString(actual) && toBeNonEmptyString(subString) && actual.slice(0, subString.length) === subString;",""],"l":{"2":1,"5":1}},"/home/travis/build/npmtest/node-npmtest-jasmine-expect/node_modules/jasmine-expect/src/toThrowAnyError.js":{"path":"/home/travis/build/npmtest/node-npmtest-jasmine-expect/node_modules/jasmine-expect/src/toThrowAnyError.js","s":{"1":1,"2":0,"3":0,"4":0,"5":0},"b":{},"f":{},"fnMap":{},"statementMap":{"1":{"start":{"line":2,"column":0},"end":{"line":9,"column":2}},"2":{"start":{"line":3,"column":2},"end":{"line":8,"column":3}},"3":{"start":{"line":4,"column":4},"end":{"line":4,"column":13}},"4":{"start":{"line":5,"column":4},"end":{"line":5,"column":17}},"5":{"start":{"line":7,"column":4},"end":{"line":7,"column":16}}},"branchMap":{},"code":["// public","module.exports = actual => {","  try {","    actual();","    return false;","  } catch (err) {","    return true;","  }","};",""],"l":{"2":1,"3":0,"4":0,"5":0,"7":0}},"/home/travis/build/npmtest/node-npmtest-jasmine-expect/node_modules/jasmine-expect/src/toThrowErrorOfType.js":{"path":"/home/travis/build/npmtest/node-npmtest-jasmine-expect/node_modules/jasmine-expect/src/toThrowErrorOfType.js","s":{"1":1,"2":0,"3":0,"4":0,"5":0},"b":{},"f":{},"fnMap":{},"statementMap":{"1":{"start":{"line":2,"column":0},"end":{"line":9,"column":2}},"2":{"start":{"line":3,"column":2},"end":{"line":8,"column":3}},"3":{"start":{"line":4,"column":4},"end":{"line":4,"column":13}},"4":{"start":{"line":5,"column":4},"end":{"line":5,"column":17}},"5":{"start":{"line":7,"column":4},"end":{"line":7,"column":29}}},"branchMap":{},"code":["// public","module.exports = (type, actual) => {","  try {","    actual();","    return false;","  } catch (err) {","    return err.name === type;","  }","};",""],"l":{"2":1,"3":0,"4":0,"5":0,"7":0}}}